<html>
<head>
<title>TestNG:  Command line test</title>
<link href="../testng.css" rel="stylesheet" type="text/css" />
<link href="../my-testng.css" rel="stylesheet" type="text/css" />

<style type="text/css">
.log { display: none;} 
.stack-trace { display: none;} 
</style>
<script type="text/javascript">
<!--
function flip(e) {
  current = e.style.display;
  if (current == 'block') {
    e.style.display = 'none';
    return 0;
  }
  else {
    e.style.display = 'block';
    return 1;
  }
}

function toggleBox(szDivId, elem, msg1, msg2)
{
  var res = -1;  if (document.getElementById) {
    res = flip(document.getElementById(szDivId));
  }
  else if (document.all) {
    // this is the way old msie versions work
    res = flip(document.all[szDivId]);
  }
  if(elem) {
    if(res == 0) elem.innerHTML = msg1; else elem.innerHTML = msg2;
  }

}

function toggleAllBoxes() {
  if (document.getElementsByTagName) {
    d = document.getElementsByTagName('div');
    for (i = 0; i < d.length; i++) {
      if (d[i].className == 'log') {
        flip(d[i]);
      }
    }
  }
}

// -->
</script>

</head>
<body>
<h2 align='center'>Command line test</h2><table border='1' align="center">
<tr>
<td>Tests passed/Failed/Skipped:</td><td>0/0/3</td>
</tr><tr>
<td>Started on:</td><td>Mon Jun 16 23:02:47 IDT 2025</td>
</tr>
<tr><td>Total time:</td><td>1 seconds (1331 ms)</td>
</tr><tr>
<td>Included groups:</td><td></td>
</tr><tr>
<td>Excluded groups:</td><td></td>
</tr>
</table><p/>
<small><i>(Hover the method name to see the test class name)</i></small><p/>
<table width='100%' border='1' class='invocation-failed'>
<tr><td colspan='4' align='center'><b>FAILED CONFIGURATIONS</b></td></tr>
<tr><td><b>Test method</b></td>
<td><b>Attribute(s)</b></td>
<td width="30%"><b>Exception</b></td>
<td width="10%"><b>Time (seconds)</b></td>
<td><b>Instance</b></td>
</tr>
<tr>
<td title='ui.tests.BookingFlowTest.setUp()'><b>setUp</b><br>Test class: ui.tests.BookingFlowTest</td>
<td><div><pre>com.microsoft.playwright.PlaywrightException: Error {
  message=&apos;Executable doesn&apos;t exist at C:\Users\Alla\AppData\Local\ms-playwright\chromium_headless_shell-1169\chrome-win\headless_shell.exe
╔════════════════════════════════════════════════════════════════════════════════════════════╗
║ Looks like Playwright was just installed or updated.                                       ║
║ Please run the following command to download new browsers:                                 ║
║                                                                                            ║
║     mvn exec:java -e -D exec.mainClass=com.microsoft.playwright.CLI -D exec.args=&quot;install&quot; ║
║                                                                                            ║
║ &lt;3 Playwright Team                                                                         ║
╚════════════════════════════════════════════════════════════════════════════════════════════╝
  name=&apos;Error
  stack=&apos;Error: Executable doesn&apos;t exist at C:\Users\Alla\AppData\Local\ms-playwright\chromium_headless_shell-1169\chrome-win\headless_shell.exe
╔════════════════════════════════════════════════════════════════════════════════════════════╗
║ Looks like Playwright was just installed or updated.                                       ║
║ Please run the following command to download new browsers:                                 ║
║                                                                                            ║
║     mvn exec:java -e -D exec.mainClass=com.microsoft.playwright.CLI -D exec.args=&quot;install&quot; ║
║                                                                                            ║
║ &lt;3 Playwright Team                                                                         ║
╚════════════════════════════════════════════════════════════════════════════════════════════╝
    at executablePathOrDie (C:\Users\Alla\AppData\Local\Temp\playwright-java-4739020113251187373\package\lib\server\registry\index.js:496:15)
    at Object.executablePathOrDie (C:\Users\Alla\AppData\Local\Temp\playwright-java-4739020113251187373\package\lib\server\registry\index.js:527:45)
    at Chromium._launchProcess (C:\Users\Alla\AppData\Local\Temp\playwright-java-4739020113251187373\package\lib\server\browserType.js:205:39)
    at async Chromium._innerLaunch (C:\Users\Alla\AppData\Local\Temp\playwright-java-4739020113251187373\package\lib\server\browserType.js:135:70)
    at async Chromium._innerLaunchWithRetries (C:\Users\Alla\AppData\Local\Temp\playwright-java-4739020113251187373\package\lib\server\browserType.js:122:14)
    at async ProgressController.run (C:\Users\Alla\AppData\Local\Temp\playwright-java-4739020113251187373\package\lib\server\progress.js:80:22)
    at async Chromium.launch (C:\Users\Alla\AppData\Local\Temp\playwright-java-4739020113251187373\package\lib\server\browserType.js:87:21)
    at async BrowserTypeDispatcher.launch (C:\Users\Alla\AppData\Local\Temp\playwright-java-4739020113251187373\package\lib\server\dispatchers\browserTypeDispatcher.js:36:21)
    at async LongStandingScope._race (C:\Users\Alla\AppData\Local\Temp\playwright-java-4739020113251187373\package\lib\utils\isomorphic\manualPromise.js:95:14)
    at async BrowserTypeDispatcher._handleCommand (C:\Users\Alla\AppData\Local\Temp\playwright-java-4739020113251187373\package\lib\server\dispatchers\dispatcher.js:96:14)
}
	at com.microsoft.playwright.impl.WaitableResult.get(WaitableResult.java:56)
	at com.microsoft.playwright.impl.ChannelOwner.runUntil(ChannelOwner.java:132)
	at com.microsoft.playwright.impl.Connection.sendMessage(Connection.java:130)
	at com.microsoft.playwright.impl.ChannelOwner.sendMessage(ChannelOwner.java:118)
	at com.microsoft.playwright.impl.BrowserTypeImpl.launchImpl(BrowserTypeImpl.java:52)
	at com.microsoft.playwright.impl.BrowserTypeImpl.lambda$launch$0(BrowserTypeImpl.java:44)
	at com.microsoft.playwright.impl.LoggingSupport.withLogging(LoggingSupport.java:47)
	at com.microsoft.playwright.impl.ChannelOwner.withLogging(ChannelOwner.java:97)
	at com.microsoft.playwright.impl.BrowserTypeImpl.launch(BrowserTypeImpl.java:44)
	at com.microsoft.playwright.impl.BrowserTypeImpl.launch(BrowserTypeImpl.java:37)
	at ui.tests.BookingFlowTest.setUp(BookingFlowTest.java:32)
	at java.base/java.util.ArrayList.forEach(ArrayList.java:1597)
	at api.tests.TestRunner.main(TestRunner.java:69)
Caused by: com.microsoft.playwright.impl.DriverException: Error {
  message=&apos;Executable doesn&apos;t exist at C:\Users\Alla\AppData\Local\ms-playwright\chromium_headless_shell-1169\chrome-win\headless_shell.exe
╔════════════════════════════════════════════════════════════════════════════════════════════╗
║ Looks like Playwright was just installed or updated.                                       ║
║ Please run the following command to download new browsers:                                 ║
║                                                                                            ║
║     mvn exec:java -e -D exec.mainClass=com.microsoft.playwright.CLI -D exec.args=&quot;install&quot; ║
║                                                                                            ║
║ &lt;3 Playwright Team                                                                         ║
╚════════════════════════════════════════════════════════════════════════════════════════════╝
  name=&apos;Error
  stack=&apos;Error: Executable doesn&apos;t exist at C:\Users\Alla\AppData\Local\ms-playwright\chromium_headless_shell-1169\chrome-win\headless_shell.exe
╔════════════════════════════════════════════════════════════════════════════════════════════╗
║ Looks like Playwright was just installed or updated.                                       ║
║ Please run the following command to download new browsers:                                 ║
║                                                                                            ║
║     mvn exec:java -e -D exec.mainClass=com.microsoft.playwright.CLI -D exec.args=&quot;install&quot; ║
║                                                                                            ║
║ &lt;3 Playwright Team                                                                         ║
╚════════════════════════════════════════════════════════════════════════════════════════════╝
    at executablePathOrDie (C:\Users\Alla\AppData\Local\Temp\playwright-java-4739020113251187373\package\lib\server\registry\index.js:496:15)
    at Object.executablePathOrDie (C:\Users\Alla\AppData\Local\Temp\playwright-java-4739020113251187373\package\lib\server\registry\index.js:527:45)
    at Chromium._launchProcess (C:\Users\Alla\AppData\Local\Temp\playwright-java-4739020113251187373\package\lib\server\browserType.js:205:39)
    at async Chromium._innerLaunch (C:\Users\Alla\AppData\Local\Temp\playwright-java-4739020113251187373\package\lib\server\browserType.js:135:70)
    at async Chromium._innerLaunchWithRetries (C:\Users\Alla\AppData\Local\Temp\playwright-java-4739020113251187373\package\lib\server\browserType.js:122:14)
    at async ProgressController.run (C:\Users\Alla\AppData\Local\Temp\playwright-java-4739020113251187373\package\lib\server\progress.js:80:22)
    at async Chromium.launch (C:\Users\Alla\AppData\Local\Temp\playwright-java-4739020113251187373\package\lib\server\browserType.js:87:21)
    at async BrowserTypeDispatcher.launch (C:\Users\Alla\AppData\Local\Temp\playwright-java-4739020113251187373\package\lib\server\dispatchers\browserTypeDispatcher.js:36:21)
    at async LongStandingScope._race (C:\Users\Alla\AppData\Local\Temp\playwright-java-4739020113251187373\package\lib\utils\isomorphic\manualPromise.js:95:14)
    at async BrowserTypeDispatcher._handleCommand (C:\Users\Alla\AppData\Local\Temp\playwright-java-4739020113251187373\package\lib\server\dispatchers\dispatcher.js:96:14)
}
	at com.microsoft.playwright.impl.Connection.dispatch(Connection.java:259)
	at com.microsoft.playwright.impl.Connection.processOneMessage(Connection.java:211)
	at com.microsoft.playwright.impl.ChannelOwner.runUntil(ChannelOwner.java:130)
	... 37 more
... Removed 26 stack frames</pre></div><a href='#' onClick='toggleBox("stack-trace2008966511", this, "Click to show all stack frames", "Click to hide stack frames")'>Click to show all stack frames</a>
<div class='stack-trace' id='stack-trace2008966511'><pre>com.microsoft.playwright.PlaywrightException: Error {
  message=&apos;Executable doesn&apos;t exist at C:\Users\Alla\AppData\Local\ms-playwright\chromium_headless_shell-1169\chrome-win\headless_shell.exe
╔════════════════════════════════════════════════════════════════════════════════════════════╗
║ Looks like Playwright was just installed or updated.                                       ║
║ Please run the following command to download new browsers:                                 ║
║                                                                                            ║
║     mvn exec:java -e -D exec.mainClass=com.microsoft.playwright.CLI -D exec.args=&quot;install&quot; ║
║                                                                                            ║
║ &lt;3 Playwright Team                                                                         ║
╚════════════════════════════════════════════════════════════════════════════════════════════╝
  name=&apos;Error
  stack=&apos;Error: Executable doesn&apos;t exist at C:\Users\Alla\AppData\Local\ms-playwright\chromium_headless_shell-1169\chrome-win\headless_shell.exe
╔════════════════════════════════════════════════════════════════════════════════════════════╗
║ Looks like Playwright was just installed or updated.                                       ║
║ Please run the following command to download new browsers:                                 ║
║                                                                                            ║
║     mvn exec:java -e -D exec.mainClass=com.microsoft.playwright.CLI -D exec.args=&quot;install&quot; ║
║                                                                                            ║
║ &lt;3 Playwright Team                                                                         ║
╚════════════════════════════════════════════════════════════════════════════════════════════╝
    at executablePathOrDie (C:\Users\Alla\AppData\Local\Temp\playwright-java-4739020113251187373\package\lib\server\registry\index.js:496:15)
    at Object.executablePathOrDie (C:\Users\Alla\AppData\Local\Temp\playwright-java-4739020113251187373\package\lib\server\registry\index.js:527:45)
    at Chromium._launchProcess (C:\Users\Alla\AppData\Local\Temp\playwright-java-4739020113251187373\package\lib\server\browserType.js:205:39)
    at async Chromium._innerLaunch (C:\Users\Alla\AppData\Local\Temp\playwright-java-4739020113251187373\package\lib\server\browserType.js:135:70)
    at async Chromium._innerLaunchWithRetries (C:\Users\Alla\AppData\Local\Temp\playwright-java-4739020113251187373\package\lib\server\browserType.js:122:14)
    at async ProgressController.run (C:\Users\Alla\AppData\Local\Temp\playwright-java-4739020113251187373\package\lib\server\progress.js:80:22)
    at async Chromium.launch (C:\Users\Alla\AppData\Local\Temp\playwright-java-4739020113251187373\package\lib\server\browserType.js:87:21)
    at async BrowserTypeDispatcher.launch (C:\Users\Alla\AppData\Local\Temp\playwright-java-4739020113251187373\package\lib\server\dispatchers\browserTypeDispatcher.js:36:21)
    at async LongStandingScope._race (C:\Users\Alla\AppData\Local\Temp\playwright-java-4739020113251187373\package\lib\utils\isomorphic\manualPromise.js:95:14)
    at async BrowserTypeDispatcher._handleCommand (C:\Users\Alla\AppData\Local\Temp\playwright-java-4739020113251187373\package\lib\server\dispatchers\dispatcher.js:96:14)
}
	at com.microsoft.playwright.impl.WaitableResult.get(WaitableResult.java:56)
	at com.microsoft.playwright.impl.ChannelOwner.runUntil(ChannelOwner.java:132)
	at com.microsoft.playwright.impl.Connection.sendMessage(Connection.java:130)
	at com.microsoft.playwright.impl.ChannelOwner.sendMessage(ChannelOwner.java:118)
	at com.microsoft.playwright.impl.BrowserTypeImpl.launchImpl(BrowserTypeImpl.java:52)
	at com.microsoft.playwright.impl.BrowserTypeImpl.lambda$launch$0(BrowserTypeImpl.java:44)
	at com.microsoft.playwright.impl.LoggingSupport.withLogging(LoggingSupport.java:47)
	at com.microsoft.playwright.impl.ChannelOwner.withLogging(ChannelOwner.java:97)
	at com.microsoft.playwright.impl.BrowserTypeImpl.launch(BrowserTypeImpl.java:44)
	at com.microsoft.playwright.impl.BrowserTypeImpl.launch(BrowserTypeImpl.java:37)
	at ui.tests.BookingFlowTest.setUp(BookingFlowTest.java:32)
	at java.base/jdk.internal.reflect.DirectMethodHandleAccessor.invoke(DirectMethodHandleAccessor.java:103)
	at java.base/java.lang.reflect.Method.invoke(Method.java:580)
	at org.testng.internal.invokers.MethodInvocationHelper.invokeMethod(MethodInvocationHelper.java:141)
	at org.testng.internal.invokers.MethodInvocationHelper.invokeMethodConsideringTimeout(MethodInvocationHelper.java:71)
	at org.testng.internal.invokers.ConfigInvoker.invokeConfigurationMethod(ConfigInvoker.java:400)
	at org.testng.internal.invokers.ConfigInvoker.invokeConfigurations(ConfigInvoker.java:333)
	at org.testng.internal.invokers.TestInvoker.runConfigMethods(TestInvoker.java:833)
	at org.testng.internal.invokers.TestInvoker.invokeMethod(TestInvoker.java:600)
	at org.testng.internal.invokers.TestInvoker.invokeTestMethod(TestInvoker.java:230)
	at org.testng.internal.invokers.MethodRunner.runInSequence(MethodRunner.java:63)
	at org.testng.internal.invokers.TestInvoker$MethodInvocationAgent.invoke(TestInvoker.java:992)
	at org.testng.internal.invokers.TestInvoker.invokeTestMethods(TestInvoker.java:203)
	at org.testng.internal.invokers.TestMethodWorker.invokeTestMethods(TestMethodWorker.java:154)
	at org.testng.internal.invokers.TestMethodWorker.run(TestMethodWorker.java:134)
	at java.base/java.util.ArrayList.forEach(ArrayList.java:1597)
	at org.testng.TestRunner.privateRun(TestRunner.java:739)
	at org.testng.TestRunner.run(TestRunner.java:614)
	at org.testng.SuiteRunner.runTest(SuiteRunner.java:421)
	at org.testng.SuiteRunner.runSequentially(SuiteRunner.java:413)
	at org.testng.SuiteRunner.privateRun(SuiteRunner.java:373)
	at org.testng.SuiteRunner.run(SuiteRunner.java:312)
	at org.testng.SuiteRunnerWorker.runSuite(SuiteRunnerWorker.java:52)
	at org.testng.SuiteRunnerWorker.run(SuiteRunnerWorker.java:95)
	at org.testng.TestNG.runSuitesSequentially(TestNG.java:1274)
	at org.testng.TestNG.runSuitesLocally(TestNG.java:1208)
	at org.testng.TestNG.runSuites(TestNG.java:1112)
	at org.testng.TestNG.run(TestNG.java:1079)
	at api.tests.TestRunner.main(TestRunner.java:69)
Caused by: com.microsoft.playwright.impl.DriverException: Error {
  message=&apos;Executable doesn&apos;t exist at C:\Users\Alla\AppData\Local\ms-playwright\chromium_headless_shell-1169\chrome-win\headless_shell.exe
╔════════════════════════════════════════════════════════════════════════════════════════════╗
║ Looks like Playwright was just installed or updated.                                       ║
║ Please run the following command to download new browsers:                                 ║
║                                                                                            ║
║     mvn exec:java -e -D exec.mainClass=com.microsoft.playwright.CLI -D exec.args=&quot;install&quot; ║
║                                                                                            ║
║ &lt;3 Playwright Team                                                                         ║
╚════════════════════════════════════════════════════════════════════════════════════════════╝
  name=&apos;Error
  stack=&apos;Error: Executable doesn&apos;t exist at C:\Users\Alla\AppData\Local\ms-playwright\chromium_headless_shell-1169\chrome-win\headless_shell.exe
╔════════════════════════════════════════════════════════════════════════════════════════════╗
║ Looks like Playwright was just installed or updated.                                       ║
║ Please run the following command to download new browsers:                                 ║
║                                                                                            ║
║     mvn exec:java -e -D exec.mainClass=com.microsoft.playwright.CLI -D exec.args=&quot;install&quot; ║
║                                                                                            ║
║ &lt;3 Playwright Team                                                                         ║
╚════════════════════════════════════════════════════════════════════════════════════════════╝
    at executablePathOrDie (C:\Users\Alla\AppData\Local\Temp\playwright-java-4739020113251187373\package\lib\server\registry\index.js:496:15)
    at Object.executablePathOrDie (C:\Users\Alla\AppData\Local\Temp\playwright-java-4739020113251187373\package\lib\server\registry\index.js:527:45)
    at Chromium._launchProcess (C:\Users\Alla\AppData\Local\Temp\playwright-java-4739020113251187373\package\lib\server\browserType.js:205:39)
    at async Chromium._innerLaunch (C:\Users\Alla\AppData\Local\Temp\playwright-java-4739020113251187373\package\lib\server\browserType.js:135:70)
    at async Chromium._innerLaunchWithRetries (C:\Users\Alla\AppData\Local\Temp\playwright-java-4739020113251187373\package\lib\server\browserType.js:122:14)
    at async ProgressController.run (C:\Users\Alla\AppData\Local\Temp\playwright-java-4739020113251187373\package\lib\server\progress.js:80:22)
    at async Chromium.launch (C:\Users\Alla\AppData\Local\Temp\playwright-java-4739020113251187373\package\lib\server\browserType.js:87:21)
    at async BrowserTypeDispatcher.launch (C:\Users\Alla\AppData\Local\Temp\playwright-java-4739020113251187373\package\lib\server\dispatchers\browserTypeDispatcher.js:36:21)
    at async LongStandingScope._race (C:\Users\Alla\AppData\Local\Temp\playwright-java-4739020113251187373\package\lib\utils\isomorphic\manualPromise.js:95:14)
    at async BrowserTypeDispatcher._handleCommand (C:\Users\Alla\AppData\Local\Temp\playwright-java-4739020113251187373\package\lib\server\dispatchers\dispatcher.js:96:14)
}
	at com.microsoft.playwright.impl.Connection.dispatch(Connection.java:259)
	at com.microsoft.playwright.impl.Connection.processOneMessage(Connection.java:211)
	at com.microsoft.playwright.impl.ChannelOwner.runUntil(ChannelOwner.java:130)
	... 37 more
</pre></div></td>
<td>0</td>
<td>ui.tests.BookingFlowTest@4d50efb8</td></tr>
<tr>
<td title='ui.tests.UpdateBookingTest.setUp()'><b>setUp</b><br>Test class: ui.tests.UpdateBookingTest</td>
<td><div><pre>com.microsoft.playwright.PlaywrightException: Error {
  message=&apos;Executable doesn&apos;t exist at C:\Users\Alla\AppData\Local\ms-playwright\chromium_headless_shell-1169\chrome-win\headless_shell.exe
╔════════════════════════════════════════════════════════════════════════════════════════════╗
║ Looks like Playwright was just installed or updated.                                       ║
║ Please run the following command to download new browsers:                                 ║
║                                                                                            ║
║     mvn exec:java -e -D exec.mainClass=com.microsoft.playwright.CLI -D exec.args=&quot;install&quot; ║
║                                                                                            ║
║ &lt;3 Playwright Team                                                                         ║
╚════════════════════════════════════════════════════════════════════════════════════════════╝
  name=&apos;Error
  stack=&apos;Error: Executable doesn&apos;t exist at C:\Users\Alla\AppData\Local\ms-playwright\chromium_headless_shell-1169\chrome-win\headless_shell.exe
╔════════════════════════════════════════════════════════════════════════════════════════════╗
║ Looks like Playwright was just installed or updated.                                       ║
║ Please run the following command to download new browsers:                                 ║
║                                                                                            ║
║     mvn exec:java -e -D exec.mainClass=com.microsoft.playwright.CLI -D exec.args=&quot;install&quot; ║
║                                                                                            ║
║ &lt;3 Playwright Team                                                                         ║
╚════════════════════════════════════════════════════════════════════════════════════════════╝
    at executablePathOrDie (C:\Users\Alla\AppData\Local\Temp\playwright-java-4739020113251187373\package\lib\server\registry\index.js:496:15)
    at Object.executablePathOrDie (C:\Users\Alla\AppData\Local\Temp\playwright-java-4739020113251187373\package\lib\server\registry\index.js:527:45)
    at Chromium._launchProcess (C:\Users\Alla\AppData\Local\Temp\playwright-java-4739020113251187373\package\lib\server\browserType.js:205:39)
    at async Chromium._innerLaunch (C:\Users\Alla\AppData\Local\Temp\playwright-java-4739020113251187373\package\lib\server\browserType.js:135:70)
    at async Chromium._innerLaunchWithRetries (C:\Users\Alla\AppData\Local\Temp\playwright-java-4739020113251187373\package\lib\server\browserType.js:122:14)
    at async ProgressController.run (C:\Users\Alla\AppData\Local\Temp\playwright-java-4739020113251187373\package\lib\server\progress.js:80:22)
    at async Chromium.launch (C:\Users\Alla\AppData\Local\Temp\playwright-java-4739020113251187373\package\lib\server\browserType.js:87:21)
    at async BrowserTypeDispatcher.launch (C:\Users\Alla\AppData\Local\Temp\playwright-java-4739020113251187373\package\lib\server\dispatchers\browserTypeDispatcher.js:36:21)
    at async LongStandingScope._race (C:\Users\Alla\AppData\Local\Temp\playwright-java-4739020113251187373\package\lib\utils\isomorphic\manualPromise.js:95:14)
    at async BrowserTypeDispatcher._handleCommand (C:\Users\Alla\AppData\Local\Temp\playwright-java-4739020113251187373\package\lib\server\dispatchers\dispatcher.js:96:14)
}
	at com.microsoft.playwright.impl.WaitableResult.get(WaitableResult.java:56)
	at com.microsoft.playwright.impl.ChannelOwner.runUntil(ChannelOwner.java:132)
	at com.microsoft.playwright.impl.Connection.sendMessage(Connection.java:130)
	at com.microsoft.playwright.impl.ChannelOwner.sendMessage(ChannelOwner.java:118)
	at com.microsoft.playwright.impl.BrowserTypeImpl.launchImpl(BrowserTypeImpl.java:52)
	at com.microsoft.playwright.impl.BrowserTypeImpl.lambda$launch$0(BrowserTypeImpl.java:44)
	at com.microsoft.playwright.impl.LoggingSupport.withLogging(LoggingSupport.java:47)
	at com.microsoft.playwright.impl.ChannelOwner.withLogging(ChannelOwner.java:97)
	at com.microsoft.playwright.impl.BrowserTypeImpl.launch(BrowserTypeImpl.java:44)
	at com.microsoft.playwright.impl.BrowserTypeImpl.launch(BrowserTypeImpl.java:37)
	at com.microsoft.playwright.BrowserType.launch(BrowserType.java:1326)
	at ui.tests.UpdateBookingTest.setUp(UpdateBookingTest.java:30)
	at java.base/java.util.ArrayList.forEach(ArrayList.java:1597)
	at api.tests.TestRunner.main(TestRunner.java:69)
Caused by: com.microsoft.playwright.impl.DriverException: Error {
  message=&apos;Executable doesn&apos;t exist at C:\Users\Alla\AppData\Local\ms-playwright\chromium_headless_shell-1169\chrome-win\headless_shell.exe
╔════════════════════════════════════════════════════════════════════════════════════════════╗
║ Looks like Playwright was just installed or updated.                                       ║
║ Please run the following command to download new browsers:                                 ║
║                                                                                            ║
║     mvn exec:java -e -D exec.mainClass=com.microsoft.playwright.CLI -D exec.args=&quot;install&quot; ║
║                                                                                            ║
║ &lt;3 Playwright Team                                                                         ║
╚════════════════════════════════════════════════════════════════════════════════════════════╝
  name=&apos;Error
  stack=&apos;Error: Executable doesn&apos;t exist at C:\Users\Alla\AppData\Local\ms-playwright\chromium_headless_shell-1169\chrome-win\headless_shell.exe
╔════════════════════════════════════════════════════════════════════════════════════════════╗
║ Looks like Playwright was just installed or updated.                                       ║
║ Please run the following command to download new browsers:                                 ║
║                                                                                            ║
║     mvn exec:java -e -D exec.mainClass=com.microsoft.playwright.CLI -D exec.args=&quot;install&quot; ║
║                                                                                            ║
║ &lt;3 Playwright Team                                                                         ║
╚════════════════════════════════════════════════════════════════════════════════════════════╝
    at executablePathOrDie (C:\Users\Alla\AppData\Local\Temp\playwright-java-4739020113251187373\package\lib\server\registry\index.js:496:15)
    at Object.executablePathOrDie (C:\Users\Alla\AppData\Local\Temp\playwright-java-4739020113251187373\package\lib\server\registry\index.js:527:45)
    at Chromium._launchProcess (C:\Users\Alla\AppData\Local\Temp\playwright-java-4739020113251187373\package\lib\server\browserType.js:205:39)
    at async Chromium._innerLaunch (C:\Users\Alla\AppData\Local\Temp\playwright-java-4739020113251187373\package\lib\server\browserType.js:135:70)
    at async Chromium._innerLaunchWithRetries (C:\Users\Alla\AppData\Local\Temp\playwright-java-4739020113251187373\package\lib\server\browserType.js:122:14)
    at async ProgressController.run (C:\Users\Alla\AppData\Local\Temp\playwright-java-4739020113251187373\package\lib\server\progress.js:80:22)
    at async Chromium.launch (C:\Users\Alla\AppData\Local\Temp\playwright-java-4739020113251187373\package\lib\server\browserType.js:87:21)
    at async BrowserTypeDispatcher.launch (C:\Users\Alla\AppData\Local\Temp\playwright-java-4739020113251187373\package\lib\server\dispatchers\browserTypeDispatcher.js:36:21)
    at async LongStandingScope._race (C:\Users\Alla\AppData\Local\Temp\playwright-java-4739020113251187373\package\lib\utils\isomorphic\manualPromise.js:95:14)
    at async BrowserTypeDispatcher._handleCommand (C:\Users\Alla\AppData\Local\Temp\playwright-java-4739020113251187373\package\lib\server\dispatchers\dispatcher.js:96:14)
}
	at com.microsoft.playwright.impl.Connection.dispatch(Connection.java:259)
	at com.microsoft.playwright.impl.Connection.processOneMessage(Connection.java:211)
	at com.microsoft.playwright.impl.ChannelOwner.runUntil(ChannelOwner.java:130)
	... 38 more
... Removed 26 stack frames</pre></div><a href='#' onClick='toggleBox("stack-trace1832532108", this, "Click to show all stack frames", "Click to hide stack frames")'>Click to show all stack frames</a>
<div class='stack-trace' id='stack-trace1832532108'><pre>com.microsoft.playwright.PlaywrightException: Error {
  message=&apos;Executable doesn&apos;t exist at C:\Users\Alla\AppData\Local\ms-playwright\chromium_headless_shell-1169\chrome-win\headless_shell.exe
╔════════════════════════════════════════════════════════════════════════════════════════════╗
║ Looks like Playwright was just installed or updated.                                       ║
║ Please run the following command to download new browsers:                                 ║
║                                                                                            ║
║     mvn exec:java -e -D exec.mainClass=com.microsoft.playwright.CLI -D exec.args=&quot;install&quot; ║
║                                                                                            ║
║ &lt;3 Playwright Team                                                                         ║
╚════════════════════════════════════════════════════════════════════════════════════════════╝
  name=&apos;Error
  stack=&apos;Error: Executable doesn&apos;t exist at C:\Users\Alla\AppData\Local\ms-playwright\chromium_headless_shell-1169\chrome-win\headless_shell.exe
╔════════════════════════════════════════════════════════════════════════════════════════════╗
║ Looks like Playwright was just installed or updated.                                       ║
║ Please run the following command to download new browsers:                                 ║
║                                                                                            ║
║     mvn exec:java -e -D exec.mainClass=com.microsoft.playwright.CLI -D exec.args=&quot;install&quot; ║
║                                                                                            ║
║ &lt;3 Playwright Team                                                                         ║
╚════════════════════════════════════════════════════════════════════════════════════════════╝
    at executablePathOrDie (C:\Users\Alla\AppData\Local\Temp\playwright-java-4739020113251187373\package\lib\server\registry\index.js:496:15)
    at Object.executablePathOrDie (C:\Users\Alla\AppData\Local\Temp\playwright-java-4739020113251187373\package\lib\server\registry\index.js:527:45)
    at Chromium._launchProcess (C:\Users\Alla\AppData\Local\Temp\playwright-java-4739020113251187373\package\lib\server\browserType.js:205:39)
    at async Chromium._innerLaunch (C:\Users\Alla\AppData\Local\Temp\playwright-java-4739020113251187373\package\lib\server\browserType.js:135:70)
    at async Chromium._innerLaunchWithRetries (C:\Users\Alla\AppData\Local\Temp\playwright-java-4739020113251187373\package\lib\server\browserType.js:122:14)
    at async ProgressController.run (C:\Users\Alla\AppData\Local\Temp\playwright-java-4739020113251187373\package\lib\server\progress.js:80:22)
    at async Chromium.launch (C:\Users\Alla\AppData\Local\Temp\playwright-java-4739020113251187373\package\lib\server\browserType.js:87:21)
    at async BrowserTypeDispatcher.launch (C:\Users\Alla\AppData\Local\Temp\playwright-java-4739020113251187373\package\lib\server\dispatchers\browserTypeDispatcher.js:36:21)
    at async LongStandingScope._race (C:\Users\Alla\AppData\Local\Temp\playwright-java-4739020113251187373\package\lib\utils\isomorphic\manualPromise.js:95:14)
    at async BrowserTypeDispatcher._handleCommand (C:\Users\Alla\AppData\Local\Temp\playwright-java-4739020113251187373\package\lib\server\dispatchers\dispatcher.js:96:14)
}
	at com.microsoft.playwright.impl.WaitableResult.get(WaitableResult.java:56)
	at com.microsoft.playwright.impl.ChannelOwner.runUntil(ChannelOwner.java:132)
	at com.microsoft.playwright.impl.Connection.sendMessage(Connection.java:130)
	at com.microsoft.playwright.impl.ChannelOwner.sendMessage(ChannelOwner.java:118)
	at com.microsoft.playwright.impl.BrowserTypeImpl.launchImpl(BrowserTypeImpl.java:52)
	at com.microsoft.playwright.impl.BrowserTypeImpl.lambda$launch$0(BrowserTypeImpl.java:44)
	at com.microsoft.playwright.impl.LoggingSupport.withLogging(LoggingSupport.java:47)
	at com.microsoft.playwright.impl.ChannelOwner.withLogging(ChannelOwner.java:97)
	at com.microsoft.playwright.impl.BrowserTypeImpl.launch(BrowserTypeImpl.java:44)
	at com.microsoft.playwright.impl.BrowserTypeImpl.launch(BrowserTypeImpl.java:37)
	at com.microsoft.playwright.BrowserType.launch(BrowserType.java:1326)
	at ui.tests.UpdateBookingTest.setUp(UpdateBookingTest.java:30)
	at java.base/jdk.internal.reflect.DirectMethodHandleAccessor.invoke(DirectMethodHandleAccessor.java:103)
	at java.base/java.lang.reflect.Method.invoke(Method.java:580)
	at org.testng.internal.invokers.MethodInvocationHelper.invokeMethod(MethodInvocationHelper.java:141)
	at org.testng.internal.invokers.MethodInvocationHelper.invokeMethodConsideringTimeout(MethodInvocationHelper.java:71)
	at org.testng.internal.invokers.ConfigInvoker.invokeConfigurationMethod(ConfigInvoker.java:400)
	at org.testng.internal.invokers.ConfigInvoker.invokeConfigurations(ConfigInvoker.java:333)
	at org.testng.internal.invokers.TestInvoker.runConfigMethods(TestInvoker.java:833)
	at org.testng.internal.invokers.TestInvoker.invokeMethod(TestInvoker.java:600)
	at org.testng.internal.invokers.TestInvoker.invokeTestMethod(TestInvoker.java:230)
	at org.testng.internal.invokers.MethodRunner.runInSequence(MethodRunner.java:63)
	at org.testng.internal.invokers.TestInvoker$MethodInvocationAgent.invoke(TestInvoker.java:992)
	at org.testng.internal.invokers.TestInvoker.invokeTestMethods(TestInvoker.java:203)
	at org.testng.internal.invokers.TestMethodWorker.invokeTestMethods(TestMethodWorker.java:154)
	at org.testng.internal.invokers.TestMethodWorker.run(TestMethodWorker.java:134)
	at java.base/java.util.ArrayList.forEach(ArrayList.java:1597)
	at org.testng.TestRunner.privateRun(TestRunner.java:739)
	at org.testng.TestRunner.run(TestRunner.java:614)
	at org.testng.SuiteRunner.runTest(SuiteRunner.java:421)
	at org.testng.SuiteRunner.runSequentially(SuiteRunner.java:413)
	at org.testng.SuiteRunner.privateRun(SuiteRunner.java:373)
	at org.testng.SuiteRunner.run(SuiteRunner.java:312)
	at org.testng.SuiteRunnerWorker.runSuite(SuiteRunnerWorker.java:52)
	at org.testng.SuiteRunnerWorker.run(SuiteRunnerWorker.java:95)
	at org.testng.TestNG.runSuitesSequentially(TestNG.java:1274)
	at org.testng.TestNG.runSuitesLocally(TestNG.java:1208)
	at org.testng.TestNG.runSuites(TestNG.java:1112)
	at org.testng.TestNG.run(TestNG.java:1079)
	at api.tests.TestRunner.main(TestRunner.java:69)
Caused by: com.microsoft.playwright.impl.DriverException: Error {
  message=&apos;Executable doesn&apos;t exist at C:\Users\Alla\AppData\Local\ms-playwright\chromium_headless_shell-1169\chrome-win\headless_shell.exe
╔════════════════════════════════════════════════════════════════════════════════════════════╗
║ Looks like Playwright was just installed or updated.                                       ║
║ Please run the following command to download new browsers:                                 ║
║                                                                                            ║
║     mvn exec:java -e -D exec.mainClass=com.microsoft.playwright.CLI -D exec.args=&quot;install&quot; ║
║                                                                                            ║
║ &lt;3 Playwright Team                                                                         ║
╚════════════════════════════════════════════════════════════════════════════════════════════╝
  name=&apos;Error
  stack=&apos;Error: Executable doesn&apos;t exist at C:\Users\Alla\AppData\Local\ms-playwright\chromium_headless_shell-1169\chrome-win\headless_shell.exe
╔════════════════════════════════════════════════════════════════════════════════════════════╗
║ Looks like Playwright was just installed or updated.                                       ║
║ Please run the following command to download new browsers:                                 ║
║                                                                                            ║
║     mvn exec:java -e -D exec.mainClass=com.microsoft.playwright.CLI -D exec.args=&quot;install&quot; ║
║                                                                                            ║
║ &lt;3 Playwright Team                                                                         ║
╚════════════════════════════════════════════════════════════════════════════════════════════╝
    at executablePathOrDie (C:\Users\Alla\AppData\Local\Temp\playwright-java-4739020113251187373\package\lib\server\registry\index.js:496:15)
    at Object.executablePathOrDie (C:\Users\Alla\AppData\Local\Temp\playwright-java-4739020113251187373\package\lib\server\registry\index.js:527:45)
    at Chromium._launchProcess (C:\Users\Alla\AppData\Local\Temp\playwright-java-4739020113251187373\package\lib\server\browserType.js:205:39)
    at async Chromium._innerLaunch (C:\Users\Alla\AppData\Local\Temp\playwright-java-4739020113251187373\package\lib\server\browserType.js:135:70)
    at async Chromium._innerLaunchWithRetries (C:\Users\Alla\AppData\Local\Temp\playwright-java-4739020113251187373\package\lib\server\browserType.js:122:14)
    at async ProgressController.run (C:\Users\Alla\AppData\Local\Temp\playwright-java-4739020113251187373\package\lib\server\progress.js:80:22)
    at async Chromium.launch (C:\Users\Alla\AppData\Local\Temp\playwright-java-4739020113251187373\package\lib\server\browserType.js:87:21)
    at async BrowserTypeDispatcher.launch (C:\Users\Alla\AppData\Local\Temp\playwright-java-4739020113251187373\package\lib\server\dispatchers\browserTypeDispatcher.js:36:21)
    at async LongStandingScope._race (C:\Users\Alla\AppData\Local\Temp\playwright-java-4739020113251187373\package\lib\utils\isomorphic\manualPromise.js:95:14)
    at async BrowserTypeDispatcher._handleCommand (C:\Users\Alla\AppData\Local\Temp\playwright-java-4739020113251187373\package\lib\server\dispatchers\dispatcher.js:96:14)
}
	at com.microsoft.playwright.impl.Connection.dispatch(Connection.java:259)
	at com.microsoft.playwright.impl.Connection.processOneMessage(Connection.java:211)
	at com.microsoft.playwright.impl.ChannelOwner.runUntil(ChannelOwner.java:130)
	... 38 more
</pre></div></td>
<td>0</td>
<td>ui.tests.UpdateBookingTest@4eb7f003</td></tr>
<tr>
<td title='ui.tests.DeleteBookingTest.setUp()'><b>setUp</b><br>Test class: ui.tests.DeleteBookingTest</td>
<td><div><pre>com.microsoft.playwright.PlaywrightException: Error {
  message=&apos;Executable doesn&apos;t exist at C:\Users\Alla\AppData\Local\ms-playwright\chromium_headless_shell-1169\chrome-win\headless_shell.exe
╔════════════════════════════════════════════════════════════════════════════════════════════╗
║ Looks like Playwright was just installed or updated.                                       ║
║ Please run the following command to download new browsers:                                 ║
║                                                                                            ║
║     mvn exec:java -e -D exec.mainClass=com.microsoft.playwright.CLI -D exec.args=&quot;install&quot; ║
║                                                                                            ║
║ &lt;3 Playwright Team                                                                         ║
╚════════════════════════════════════════════════════════════════════════════════════════════╝
  name=&apos;Error
  stack=&apos;Error: Executable doesn&apos;t exist at C:\Users\Alla\AppData\Local\ms-playwright\chromium_headless_shell-1169\chrome-win\headless_shell.exe
╔════════════════════════════════════════════════════════════════════════════════════════════╗
║ Looks like Playwright was just installed or updated.                                       ║
║ Please run the following command to download new browsers:                                 ║
║                                                                                            ║
║     mvn exec:java -e -D exec.mainClass=com.microsoft.playwright.CLI -D exec.args=&quot;install&quot; ║
║                                                                                            ║
║ &lt;3 Playwright Team                                                                         ║
╚════════════════════════════════════════════════════════════════════════════════════════════╝
    at executablePathOrDie (C:\Users\Alla\AppData\Local\Temp\playwright-java-4739020113251187373\package\lib\server\registry\index.js:496:15)
    at Object.executablePathOrDie (C:\Users\Alla\AppData\Local\Temp\playwright-java-4739020113251187373\package\lib\server\registry\index.js:527:45)
    at Chromium._launchProcess (C:\Users\Alla\AppData\Local\Temp\playwright-java-4739020113251187373\package\lib\server\browserType.js:205:39)
    at async Chromium._innerLaunch (C:\Users\Alla\AppData\Local\Temp\playwright-java-4739020113251187373\package\lib\server\browserType.js:135:70)
    at async Chromium._innerLaunchWithRetries (C:\Users\Alla\AppData\Local\Temp\playwright-java-4739020113251187373\package\lib\server\browserType.js:122:14)
    at async ProgressController.run (C:\Users\Alla\AppData\Local\Temp\playwright-java-4739020113251187373\package\lib\server\progress.js:80:22)
    at async Chromium.launch (C:\Users\Alla\AppData\Local\Temp\playwright-java-4739020113251187373\package\lib\server\browserType.js:87:21)
    at async BrowserTypeDispatcher.launch (C:\Users\Alla\AppData\Local\Temp\playwright-java-4739020113251187373\package\lib\server\dispatchers\browserTypeDispatcher.js:36:21)
    at async LongStandingScope._race (C:\Users\Alla\AppData\Local\Temp\playwright-java-4739020113251187373\package\lib\utils\isomorphic\manualPromise.js:95:14)
    at async BrowserTypeDispatcher._handleCommand (C:\Users\Alla\AppData\Local\Temp\playwright-java-4739020113251187373\package\lib\server\dispatchers\dispatcher.js:96:14)
}
	at com.microsoft.playwright.impl.WaitableResult.get(WaitableResult.java:56)
	at com.microsoft.playwright.impl.ChannelOwner.runUntil(ChannelOwner.java:132)
	at com.microsoft.playwright.impl.Connection.sendMessage(Connection.java:130)
	at com.microsoft.playwright.impl.ChannelOwner.sendMessage(ChannelOwner.java:118)
	at com.microsoft.playwright.impl.BrowserTypeImpl.launchImpl(BrowserTypeImpl.java:52)
	at com.microsoft.playwright.impl.BrowserTypeImpl.lambda$launch$0(BrowserTypeImpl.java:44)
	at com.microsoft.playwright.impl.LoggingSupport.withLogging(LoggingSupport.java:47)
	at com.microsoft.playwright.impl.ChannelOwner.withLogging(ChannelOwner.java:97)
	at com.microsoft.playwright.impl.BrowserTypeImpl.launch(BrowserTypeImpl.java:44)
	at com.microsoft.playwright.impl.BrowserTypeImpl.launch(BrowserTypeImpl.java:37)
	at com.microsoft.playwright.BrowserType.launch(BrowserType.java:1326)
	at ui.tests.DeleteBookingTest.setUp(DeleteBookingTest.java:28)
	at java.base/java.util.ArrayList.forEach(ArrayList.java:1597)
	at api.tests.TestRunner.main(TestRunner.java:69)
Caused by: com.microsoft.playwright.impl.DriverException: Error {
  message=&apos;Executable doesn&apos;t exist at C:\Users\Alla\AppData\Local\ms-playwright\chromium_headless_shell-1169\chrome-win\headless_shell.exe
╔════════════════════════════════════════════════════════════════════════════════════════════╗
║ Looks like Playwright was just installed or updated.                                       ║
║ Please run the following command to download new browsers:                                 ║
║                                                                                            ║
║     mvn exec:java -e -D exec.mainClass=com.microsoft.playwright.CLI -D exec.args=&quot;install&quot; ║
║                                                                                            ║
║ &lt;3 Playwright Team                                                                         ║
╚════════════════════════════════════════════════════════════════════════════════════════════╝
  name=&apos;Error
  stack=&apos;Error: Executable doesn&apos;t exist at C:\Users\Alla\AppData\Local\ms-playwright\chromium_headless_shell-1169\chrome-win\headless_shell.exe
╔════════════════════════════════════════════════════════════════════════════════════════════╗
║ Looks like Playwright was just installed or updated.                                       ║
║ Please run the following command to download new browsers:                                 ║
║                                                                                            ║
║     mvn exec:java -e -D exec.mainClass=com.microsoft.playwright.CLI -D exec.args=&quot;install&quot; ║
║                                                                                            ║
║ &lt;3 Playwright Team                                                                         ║
╚════════════════════════════════════════════════════════════════════════════════════════════╝
    at executablePathOrDie (C:\Users\Alla\AppData\Local\Temp\playwright-java-4739020113251187373\package\lib\server\registry\index.js:496:15)
    at Object.executablePathOrDie (C:\Users\Alla\AppData\Local\Temp\playwright-java-4739020113251187373\package\lib\server\registry\index.js:527:45)
    at Chromium._launchProcess (C:\Users\Alla\AppData\Local\Temp\playwright-java-4739020113251187373\package\lib\server\browserType.js:205:39)
    at async Chromium._innerLaunch (C:\Users\Alla\AppData\Local\Temp\playwright-java-4739020113251187373\package\lib\server\browserType.js:135:70)
    at async Chromium._innerLaunchWithRetries (C:\Users\Alla\AppData\Local\Temp\playwright-java-4739020113251187373\package\lib\server\browserType.js:122:14)
    at async ProgressController.run (C:\Users\Alla\AppData\Local\Temp\playwright-java-4739020113251187373\package\lib\server\progress.js:80:22)
    at async Chromium.launch (C:\Users\Alla\AppData\Local\Temp\playwright-java-4739020113251187373\package\lib\server\browserType.js:87:21)
    at async BrowserTypeDispatcher.launch (C:\Users\Alla\AppData\Local\Temp\playwright-java-4739020113251187373\package\lib\server\dispatchers\browserTypeDispatcher.js:36:21)
    at async LongStandingScope._race (C:\Users\Alla\AppData\Local\Temp\playwright-java-4739020113251187373\package\lib\utils\isomorphic\manualPromise.js:95:14)
    at async BrowserTypeDispatcher._handleCommand (C:\Users\Alla\AppData\Local\Temp\playwright-java-4739020113251187373\package\lib\server\dispatchers\dispatcher.js:96:14)
}
	at com.microsoft.playwright.impl.Connection.dispatch(Connection.java:259)
	at com.microsoft.playwright.impl.Connection.processOneMessage(Connection.java:211)
	at com.microsoft.playwright.impl.ChannelOwner.runUntil(ChannelOwner.java:130)
	... 38 more
... Removed 26 stack frames</pre></div><a href='#' onClick='toggleBox("stack-trace1787079037", this, "Click to show all stack frames", "Click to hide stack frames")'>Click to show all stack frames</a>
<div class='stack-trace' id='stack-trace1787079037'><pre>com.microsoft.playwright.PlaywrightException: Error {
  message=&apos;Executable doesn&apos;t exist at C:\Users\Alla\AppData\Local\ms-playwright\chromium_headless_shell-1169\chrome-win\headless_shell.exe
╔════════════════════════════════════════════════════════════════════════════════════════════╗
║ Looks like Playwright was just installed or updated.                                       ║
║ Please run the following command to download new browsers:                                 ║
║                                                                                            ║
║     mvn exec:java -e -D exec.mainClass=com.microsoft.playwright.CLI -D exec.args=&quot;install&quot; ║
║                                                                                            ║
║ &lt;3 Playwright Team                                                                         ║
╚════════════════════════════════════════════════════════════════════════════════════════════╝
  name=&apos;Error
  stack=&apos;Error: Executable doesn&apos;t exist at C:\Users\Alla\AppData\Local\ms-playwright\chromium_headless_shell-1169\chrome-win\headless_shell.exe
╔════════════════════════════════════════════════════════════════════════════════════════════╗
║ Looks like Playwright was just installed or updated.                                       ║
║ Please run the following command to download new browsers:                                 ║
║                                                                                            ║
║     mvn exec:java -e -D exec.mainClass=com.microsoft.playwright.CLI -D exec.args=&quot;install&quot; ║
║                                                                                            ║
║ &lt;3 Playwright Team                                                                         ║
╚════════════════════════════════════════════════════════════════════════════════════════════╝
    at executablePathOrDie (C:\Users\Alla\AppData\Local\Temp\playwright-java-4739020113251187373\package\lib\server\registry\index.js:496:15)
    at Object.executablePathOrDie (C:\Users\Alla\AppData\Local\Temp\playwright-java-4739020113251187373\package\lib\server\registry\index.js:527:45)
    at Chromium._launchProcess (C:\Users\Alla\AppData\Local\Temp\playwright-java-4739020113251187373\package\lib\server\browserType.js:205:39)
    at async Chromium._innerLaunch (C:\Users\Alla\AppData\Local\Temp\playwright-java-4739020113251187373\package\lib\server\browserType.js:135:70)
    at async Chromium._innerLaunchWithRetries (C:\Users\Alla\AppData\Local\Temp\playwright-java-4739020113251187373\package\lib\server\browserType.js:122:14)
    at async ProgressController.run (C:\Users\Alla\AppData\Local\Temp\playwright-java-4739020113251187373\package\lib\server\progress.js:80:22)
    at async Chromium.launch (C:\Users\Alla\AppData\Local\Temp\playwright-java-4739020113251187373\package\lib\server\browserType.js:87:21)
    at async BrowserTypeDispatcher.launch (C:\Users\Alla\AppData\Local\Temp\playwright-java-4739020113251187373\package\lib\server\dispatchers\browserTypeDispatcher.js:36:21)
    at async LongStandingScope._race (C:\Users\Alla\AppData\Local\Temp\playwright-java-4739020113251187373\package\lib\utils\isomorphic\manualPromise.js:95:14)
    at async BrowserTypeDispatcher._handleCommand (C:\Users\Alla\AppData\Local\Temp\playwright-java-4739020113251187373\package\lib\server\dispatchers\dispatcher.js:96:14)
}
	at com.microsoft.playwright.impl.WaitableResult.get(WaitableResult.java:56)
	at com.microsoft.playwright.impl.ChannelOwner.runUntil(ChannelOwner.java:132)
	at com.microsoft.playwright.impl.Connection.sendMessage(Connection.java:130)
	at com.microsoft.playwright.impl.ChannelOwner.sendMessage(ChannelOwner.java:118)
	at com.microsoft.playwright.impl.BrowserTypeImpl.launchImpl(BrowserTypeImpl.java:52)
	at com.microsoft.playwright.impl.BrowserTypeImpl.lambda$launch$0(BrowserTypeImpl.java:44)
	at com.microsoft.playwright.impl.LoggingSupport.withLogging(LoggingSupport.java:47)
	at com.microsoft.playwright.impl.ChannelOwner.withLogging(ChannelOwner.java:97)
	at com.microsoft.playwright.impl.BrowserTypeImpl.launch(BrowserTypeImpl.java:44)
	at com.microsoft.playwright.impl.BrowserTypeImpl.launch(BrowserTypeImpl.java:37)
	at com.microsoft.playwright.BrowserType.launch(BrowserType.java:1326)
	at ui.tests.DeleteBookingTest.setUp(DeleteBookingTest.java:28)
	at java.base/jdk.internal.reflect.DirectMethodHandleAccessor.invoke(DirectMethodHandleAccessor.java:103)
	at java.base/java.lang.reflect.Method.invoke(Method.java:580)
	at org.testng.internal.invokers.MethodInvocationHelper.invokeMethod(MethodInvocationHelper.java:141)
	at org.testng.internal.invokers.MethodInvocationHelper.invokeMethodConsideringTimeout(MethodInvocationHelper.java:71)
	at org.testng.internal.invokers.ConfigInvoker.invokeConfigurationMethod(ConfigInvoker.java:400)
	at org.testng.internal.invokers.ConfigInvoker.invokeConfigurations(ConfigInvoker.java:333)
	at org.testng.internal.invokers.TestInvoker.runConfigMethods(TestInvoker.java:833)
	at org.testng.internal.invokers.TestInvoker.invokeMethod(TestInvoker.java:600)
	at org.testng.internal.invokers.TestInvoker.invokeTestMethod(TestInvoker.java:230)
	at org.testng.internal.invokers.MethodRunner.runInSequence(MethodRunner.java:63)
	at org.testng.internal.invokers.TestInvoker$MethodInvocationAgent.invoke(TestInvoker.java:992)
	at org.testng.internal.invokers.TestInvoker.invokeTestMethods(TestInvoker.java:203)
	at org.testng.internal.invokers.TestMethodWorker.invokeTestMethods(TestMethodWorker.java:154)
	at org.testng.internal.invokers.TestMethodWorker.run(TestMethodWorker.java:134)
	at java.base/java.util.ArrayList.forEach(ArrayList.java:1597)
	at org.testng.TestRunner.privateRun(TestRunner.java:739)
	at org.testng.TestRunner.run(TestRunner.java:614)
	at org.testng.SuiteRunner.runTest(SuiteRunner.java:421)
	at org.testng.SuiteRunner.runSequentially(SuiteRunner.java:413)
	at org.testng.SuiteRunner.privateRun(SuiteRunner.java:373)
	at org.testng.SuiteRunner.run(SuiteRunner.java:312)
	at org.testng.SuiteRunnerWorker.runSuite(SuiteRunnerWorker.java:52)
	at org.testng.SuiteRunnerWorker.run(SuiteRunnerWorker.java:95)
	at org.testng.TestNG.runSuitesSequentially(TestNG.java:1274)
	at org.testng.TestNG.runSuitesLocally(TestNG.java:1208)
	at org.testng.TestNG.runSuites(TestNG.java:1112)
	at org.testng.TestNG.run(TestNG.java:1079)
	at api.tests.TestRunner.main(TestRunner.java:69)
Caused by: com.microsoft.playwright.impl.DriverException: Error {
  message=&apos;Executable doesn&apos;t exist at C:\Users\Alla\AppData\Local\ms-playwright\chromium_headless_shell-1169\chrome-win\headless_shell.exe
╔════════════════════════════════════════════════════════════════════════════════════════════╗
║ Looks like Playwright was just installed or updated.                                       ║
║ Please run the following command to download new browsers:                                 ║
║                                                                                            ║
║     mvn exec:java -e -D exec.mainClass=com.microsoft.playwright.CLI -D exec.args=&quot;install&quot; ║
║                                                                                            ║
║ &lt;3 Playwright Team                                                                         ║
╚════════════════════════════════════════════════════════════════════════════════════════════╝
  name=&apos;Error
  stack=&apos;Error: Executable doesn&apos;t exist at C:\Users\Alla\AppData\Local\ms-playwright\chromium_headless_shell-1169\chrome-win\headless_shell.exe
╔════════════════════════════════════════════════════════════════════════════════════════════╗
║ Looks like Playwright was just installed or updated.                                       ║
║ Please run the following command to download new browsers:                                 ║
║                                                                                            ║
║     mvn exec:java -e -D exec.mainClass=com.microsoft.playwright.CLI -D exec.args=&quot;install&quot; ║
║                                                                                            ║
║ &lt;3 Playwright Team                                                                         ║
╚════════════════════════════════════════════════════════════════════════════════════════════╝
    at executablePathOrDie (C:\Users\Alla\AppData\Local\Temp\playwright-java-4739020113251187373\package\lib\server\registry\index.js:496:15)
    at Object.executablePathOrDie (C:\Users\Alla\AppData\Local\Temp\playwright-java-4739020113251187373\package\lib\server\registry\index.js:527:45)
    at Chromium._launchProcess (C:\Users\Alla\AppData\Local\Temp\playwright-java-4739020113251187373\package\lib\server\browserType.js:205:39)
    at async Chromium._innerLaunch (C:\Users\Alla\AppData\Local\Temp\playwright-java-4739020113251187373\package\lib\server\browserType.js:135:70)
    at async Chromium._innerLaunchWithRetries (C:\Users\Alla\AppData\Local\Temp\playwright-java-4739020113251187373\package\lib\server\browserType.js:122:14)
    at async ProgressController.run (C:\Users\Alla\AppData\Local\Temp\playwright-java-4739020113251187373\package\lib\server\progress.js:80:22)
    at async Chromium.launch (C:\Users\Alla\AppData\Local\Temp\playwright-java-4739020113251187373\package\lib\server\browserType.js:87:21)
    at async BrowserTypeDispatcher.launch (C:\Users\Alla\AppData\Local\Temp\playwright-java-4739020113251187373\package\lib\server\dispatchers\browserTypeDispatcher.js:36:21)
    at async LongStandingScope._race (C:\Users\Alla\AppData\Local\Temp\playwright-java-4739020113251187373\package\lib\utils\isomorphic\manualPromise.js:95:14)
    at async BrowserTypeDispatcher._handleCommand (C:\Users\Alla\AppData\Local\Temp\playwright-java-4739020113251187373\package\lib\server\dispatchers\dispatcher.js:96:14)
}
	at com.microsoft.playwright.impl.Connection.dispatch(Connection.java:259)
	at com.microsoft.playwright.impl.Connection.processOneMessage(Connection.java:211)
	at com.microsoft.playwright.impl.ChannelOwner.runUntil(ChannelOwner.java:130)
	... 38 more
</pre></div></td>
<td>0</td>
<td>ui.tests.DeleteBookingTest@87f383f</td></tr>
</table><p>
<table width='100%' border='1' class='invocation-skipped'>
<tr><td colspan='4' align='center'><b>SKIPPED CONFIGURATIONS</b></td></tr>
<tr><td><b>Test method</b></td>
<td><b>Attribute(s)</b></td>
<td width="30%"><b>Exception</b></td>
<td width="10%"><b>Time (seconds)</b></td>
<td><b>Instance</b></td>
</tr>
<tr>
<td title='ui.tests.UpdateBookingTest.tearDown()'><b>tearDown</b><br>Test class: ui.tests.UpdateBookingTest</td>
<td></td>
<td>0</td>
<td>ui.tests.UpdateBookingTest@4eb7f003</td></tr>
<tr>
<td title='ui.tests.BookingFlowTest.tearDown()'><b>tearDown</b><br>Test class: ui.tests.BookingFlowTest</td>
<td></td>
<td>0</td>
<td>ui.tests.BookingFlowTest@4d50efb8</td></tr>
<tr>
<td title='ui.tests.DeleteBookingTest.tearDown()'><b>tearDown</b><br>Test class: ui.tests.DeleteBookingTest</td>
<td></td>
<td>0</td>
<td>ui.tests.DeleteBookingTest@87f383f</td></tr>
</table><p>
<table width='100%' border='1' class='invocation-skipped'>
<tr><td colspan='4' align='center'><b>SKIPPED TESTS</b></td></tr>
<tr><td><b>Test method</b></td>
<td><b>Attribute(s)</b></td>
<td width="30%"><b>Exception</b></td>
<td width="10%"><b>Time (seconds)</b></td>
<td><b>Instance</b></td>
</tr>
<tr>
<td title='ui.tests.BookingFlowTest.bookAllRoomsWithValidation()'><b>bookAllRoomsWithValidation</b><br>Test class: ui.tests.BookingFlowTest<br>Test method: Validate required fields and then complete bookings for all room types</td>
<td><div><pre>com.microsoft.playwright.PlaywrightException: Error {
  message=&apos;Executable doesn&apos;t exist at C:\Users\Alla\AppData\Local\ms-playwright\chromium_headless_shell-1169\chrome-win\headless_shell.exe
╔════════════════════════════════════════════════════════════════════════════════════════════╗
║ Looks like Playwright was just installed or updated.                                       ║
║ Please run the following command to download new browsers:                                 ║
║                                                                                            ║
║     mvn exec:java -e -D exec.mainClass=com.microsoft.playwright.CLI -D exec.args=&quot;install&quot; ║
║                                                                                            ║
║ &lt;3 Playwright Team                                                                         ║
╚════════════════════════════════════════════════════════════════════════════════════════════╝
  name=&apos;Error
  stack=&apos;Error: Executable doesn&apos;t exist at C:\Users\Alla\AppData\Local\ms-playwright\chromium_headless_shell-1169\chrome-win\headless_shell.exe
╔════════════════════════════════════════════════════════════════════════════════════════════╗
║ Looks like Playwright was just installed or updated.                                       ║
║ Please run the following command to download new browsers:                                 ║
║                                                                                            ║
║     mvn exec:java -e -D exec.mainClass=com.microsoft.playwright.CLI -D exec.args=&quot;install&quot; ║
║                                                                                            ║
║ &lt;3 Playwright Team                                                                         ║
╚════════════════════════════════════════════════════════════════════════════════════════════╝
    at executablePathOrDie (C:\Users\Alla\AppData\Local\Temp\playwright-java-4739020113251187373\package\lib\server\registry\index.js:496:15)
    at Object.executablePathOrDie (C:\Users\Alla\AppData\Local\Temp\playwright-java-4739020113251187373\package\lib\server\registry\index.js:527:45)
    at Chromium._launchProcess (C:\Users\Alla\AppData\Local\Temp\playwright-java-4739020113251187373\package\lib\server\browserType.js:205:39)
    at async Chromium._innerLaunch (C:\Users\Alla\AppData\Local\Temp\playwright-java-4739020113251187373\package\lib\server\browserType.js:135:70)
    at async Chromium._innerLaunchWithRetries (C:\Users\Alla\AppData\Local\Temp\playwright-java-4739020113251187373\package\lib\server\browserType.js:122:14)
    at async ProgressController.run (C:\Users\Alla\AppData\Local\Temp\playwright-java-4739020113251187373\package\lib\server\progress.js:80:22)
    at async Chromium.launch (C:\Users\Alla\AppData\Local\Temp\playwright-java-4739020113251187373\package\lib\server\browserType.js:87:21)
    at async BrowserTypeDispatcher.launch (C:\Users\Alla\AppData\Local\Temp\playwright-java-4739020113251187373\package\lib\server\dispatchers\browserTypeDispatcher.js:36:21)
    at async LongStandingScope._race (C:\Users\Alla\AppData\Local\Temp\playwright-java-4739020113251187373\package\lib\utils\isomorphic\manualPromise.js:95:14)
    at async BrowserTypeDispatcher._handleCommand (C:\Users\Alla\AppData\Local\Temp\playwright-java-4739020113251187373\package\lib\server\dispatchers\dispatcher.js:96:14)
}
	at com.microsoft.playwright.impl.WaitableResult.get(WaitableResult.java:56)
	at com.microsoft.playwright.impl.ChannelOwner.runUntil(ChannelOwner.java:132)
	at com.microsoft.playwright.impl.Connection.sendMessage(Connection.java:130)
	at com.microsoft.playwright.impl.ChannelOwner.sendMessage(ChannelOwner.java:118)
	at com.microsoft.playwright.impl.BrowserTypeImpl.launchImpl(BrowserTypeImpl.java:52)
	at com.microsoft.playwright.impl.BrowserTypeImpl.lambda$launch$0(BrowserTypeImpl.java:44)
	at com.microsoft.playwright.impl.LoggingSupport.withLogging(LoggingSupport.java:47)
	at com.microsoft.playwright.impl.ChannelOwner.withLogging(ChannelOwner.java:97)
	at com.microsoft.playwright.impl.BrowserTypeImpl.launch(BrowserTypeImpl.java:44)
	at com.microsoft.playwright.impl.BrowserTypeImpl.launch(BrowserTypeImpl.java:37)
	at ui.tests.BookingFlowTest.setUp(BookingFlowTest.java:32)
	at java.base/java.util.ArrayList.forEach(ArrayList.java:1597)
	at api.tests.TestRunner.main(TestRunner.java:69)
Caused by: com.microsoft.playwright.impl.DriverException: Error {
  message=&apos;Executable doesn&apos;t exist at C:\Users\Alla\AppData\Local\ms-playwright\chromium_headless_shell-1169\chrome-win\headless_shell.exe
╔════════════════════════════════════════════════════════════════════════════════════════════╗
║ Looks like Playwright was just installed or updated.                                       ║
║ Please run the following command to download new browsers:                                 ║
║                                                                                            ║
║     mvn exec:java -e -D exec.mainClass=com.microsoft.playwright.CLI -D exec.args=&quot;install&quot; ║
║                                                                                            ║
║ &lt;3 Playwright Team                                                                         ║
╚════════════════════════════════════════════════════════════════════════════════════════════╝
  name=&apos;Error
  stack=&apos;Error: Executable doesn&apos;t exist at C:\Users\Alla\AppData\Local\ms-playwright\chromium_headless_shell-1169\chrome-win\headless_shell.exe
╔════════════════════════════════════════════════════════════════════════════════════════════╗
║ Looks like Playwright was just installed or updated.                                       ║
║ Please run the following command to download new browsers:                                 ║
║                                                                                            ║
║     mvn exec:java -e -D exec.mainClass=com.microsoft.playwright.CLI -D exec.args=&quot;install&quot; ║
║                                                                                            ║
║ &lt;3 Playwright Team                                                                         ║
╚════════════════════════════════════════════════════════════════════════════════════════════╝
    at executablePathOrDie (C:\Users\Alla\AppData\Local\Temp\playwright-java-4739020113251187373\package\lib\server\registry\index.js:496:15)
    at Object.executablePathOrDie (C:\Users\Alla\AppData\Local\Temp\playwright-java-4739020113251187373\package\lib\server\registry\index.js:527:45)
    at Chromium._launchProcess (C:\Users\Alla\AppData\Local\Temp\playwright-java-4739020113251187373\package\lib\server\browserType.js:205:39)
    at async Chromium._innerLaunch (C:\Users\Alla\AppData\Local\Temp\playwright-java-4739020113251187373\package\lib\server\browserType.js:135:70)
    at async Chromium._innerLaunchWithRetries (C:\Users\Alla\AppData\Local\Temp\playwright-java-4739020113251187373\package\lib\server\browserType.js:122:14)
    at async ProgressController.run (C:\Users\Alla\AppData\Local\Temp\playwright-java-4739020113251187373\package\lib\server\progress.js:80:22)
    at async Chromium.launch (C:\Users\Alla\AppData\Local\Temp\playwright-java-4739020113251187373\package\lib\server\browserType.js:87:21)
    at async BrowserTypeDispatcher.launch (C:\Users\Alla\AppData\Local\Temp\playwright-java-4739020113251187373\package\lib\server\dispatchers\browserTypeDispatcher.js:36:21)
    at async LongStandingScope._race (C:\Users\Alla\AppData\Local\Temp\playwright-java-4739020113251187373\package\lib\utils\isomorphic\manualPromise.js:95:14)
    at async BrowserTypeDispatcher._handleCommand (C:\Users\Alla\AppData\Local\Temp\playwright-java-4739020113251187373\package\lib\server\dispatchers\dispatcher.js:96:14)
}
	at com.microsoft.playwright.impl.Connection.dispatch(Connection.java:259)
	at com.microsoft.playwright.impl.Connection.processOneMessage(Connection.java:211)
	at com.microsoft.playwright.impl.ChannelOwner.runUntil(ChannelOwner.java:130)
	... 37 more
... Removed 26 stack frames</pre></div><a href='#' onClick='toggleBox("stack-trace460201727", this, "Click to show all stack frames", "Click to hide stack frames")'>Click to show all stack frames</a>
<div class='stack-trace' id='stack-trace460201727'><pre>com.microsoft.playwright.PlaywrightException: Error {
  message=&apos;Executable doesn&apos;t exist at C:\Users\Alla\AppData\Local\ms-playwright\chromium_headless_shell-1169\chrome-win\headless_shell.exe
╔════════════════════════════════════════════════════════════════════════════════════════════╗
║ Looks like Playwright was just installed or updated.                                       ║
║ Please run the following command to download new browsers:                                 ║
║                                                                                            ║
║     mvn exec:java -e -D exec.mainClass=com.microsoft.playwright.CLI -D exec.args=&quot;install&quot; ║
║                                                                                            ║
║ &lt;3 Playwright Team                                                                         ║
╚════════════════════════════════════════════════════════════════════════════════════════════╝
  name=&apos;Error
  stack=&apos;Error: Executable doesn&apos;t exist at C:\Users\Alla\AppData\Local\ms-playwright\chromium_headless_shell-1169\chrome-win\headless_shell.exe
╔════════════════════════════════════════════════════════════════════════════════════════════╗
║ Looks like Playwright was just installed or updated.                                       ║
║ Please run the following command to download new browsers:                                 ║
║                                                                                            ║
║     mvn exec:java -e -D exec.mainClass=com.microsoft.playwright.CLI -D exec.args=&quot;install&quot; ║
║                                                                                            ║
║ &lt;3 Playwright Team                                                                         ║
╚════════════════════════════════════════════════════════════════════════════════════════════╝
    at executablePathOrDie (C:\Users\Alla\AppData\Local\Temp\playwright-java-4739020113251187373\package\lib\server\registry\index.js:496:15)
    at Object.executablePathOrDie (C:\Users\Alla\AppData\Local\Temp\playwright-java-4739020113251187373\package\lib\server\registry\index.js:527:45)
    at Chromium._launchProcess (C:\Users\Alla\AppData\Local\Temp\playwright-java-4739020113251187373\package\lib\server\browserType.js:205:39)
    at async Chromium._innerLaunch (C:\Users\Alla\AppData\Local\Temp\playwright-java-4739020113251187373\package\lib\server\browserType.js:135:70)
    at async Chromium._innerLaunchWithRetries (C:\Users\Alla\AppData\Local\Temp\playwright-java-4739020113251187373\package\lib\server\browserType.js:122:14)
    at async ProgressController.run (C:\Users\Alla\AppData\Local\Temp\playwright-java-4739020113251187373\package\lib\server\progress.js:80:22)
    at async Chromium.launch (C:\Users\Alla\AppData\Local\Temp\playwright-java-4739020113251187373\package\lib\server\browserType.js:87:21)
    at async BrowserTypeDispatcher.launch (C:\Users\Alla\AppData\Local\Temp\playwright-java-4739020113251187373\package\lib\server\dispatchers\browserTypeDispatcher.js:36:21)
    at async LongStandingScope._race (C:\Users\Alla\AppData\Local\Temp\playwright-java-4739020113251187373\package\lib\utils\isomorphic\manualPromise.js:95:14)
    at async BrowserTypeDispatcher._handleCommand (C:\Users\Alla\AppData\Local\Temp\playwright-java-4739020113251187373\package\lib\server\dispatchers\dispatcher.js:96:14)
}
	at com.microsoft.playwright.impl.WaitableResult.get(WaitableResult.java:56)
	at com.microsoft.playwright.impl.ChannelOwner.runUntil(ChannelOwner.java:132)
	at com.microsoft.playwright.impl.Connection.sendMessage(Connection.java:130)
	at com.microsoft.playwright.impl.ChannelOwner.sendMessage(ChannelOwner.java:118)
	at com.microsoft.playwright.impl.BrowserTypeImpl.launchImpl(BrowserTypeImpl.java:52)
	at com.microsoft.playwright.impl.BrowserTypeImpl.lambda$launch$0(BrowserTypeImpl.java:44)
	at com.microsoft.playwright.impl.LoggingSupport.withLogging(LoggingSupport.java:47)
	at com.microsoft.playwright.impl.ChannelOwner.withLogging(ChannelOwner.java:97)
	at com.microsoft.playwright.impl.BrowserTypeImpl.launch(BrowserTypeImpl.java:44)
	at com.microsoft.playwright.impl.BrowserTypeImpl.launch(BrowserTypeImpl.java:37)
	at ui.tests.BookingFlowTest.setUp(BookingFlowTest.java:32)
	at java.base/jdk.internal.reflect.DirectMethodHandleAccessor.invoke(DirectMethodHandleAccessor.java:103)
	at java.base/java.lang.reflect.Method.invoke(Method.java:580)
	at org.testng.internal.invokers.MethodInvocationHelper.invokeMethod(MethodInvocationHelper.java:141)
	at org.testng.internal.invokers.MethodInvocationHelper.invokeMethodConsideringTimeout(MethodInvocationHelper.java:71)
	at org.testng.internal.invokers.ConfigInvoker.invokeConfigurationMethod(ConfigInvoker.java:400)
	at org.testng.internal.invokers.ConfigInvoker.invokeConfigurations(ConfigInvoker.java:333)
	at org.testng.internal.invokers.TestInvoker.runConfigMethods(TestInvoker.java:833)
	at org.testng.internal.invokers.TestInvoker.invokeMethod(TestInvoker.java:600)
	at org.testng.internal.invokers.TestInvoker.invokeTestMethod(TestInvoker.java:230)
	at org.testng.internal.invokers.MethodRunner.runInSequence(MethodRunner.java:63)
	at org.testng.internal.invokers.TestInvoker$MethodInvocationAgent.invoke(TestInvoker.java:992)
	at org.testng.internal.invokers.TestInvoker.invokeTestMethods(TestInvoker.java:203)
	at org.testng.internal.invokers.TestMethodWorker.invokeTestMethods(TestMethodWorker.java:154)
	at org.testng.internal.invokers.TestMethodWorker.run(TestMethodWorker.java:134)
	at java.base/java.util.ArrayList.forEach(ArrayList.java:1597)
	at org.testng.TestRunner.privateRun(TestRunner.java:739)
	at org.testng.TestRunner.run(TestRunner.java:614)
	at org.testng.SuiteRunner.runTest(SuiteRunner.java:421)
	at org.testng.SuiteRunner.runSequentially(SuiteRunner.java:413)
	at org.testng.SuiteRunner.privateRun(SuiteRunner.java:373)
	at org.testng.SuiteRunner.run(SuiteRunner.java:312)
	at org.testng.SuiteRunnerWorker.runSuite(SuiteRunnerWorker.java:52)
	at org.testng.SuiteRunnerWorker.run(SuiteRunnerWorker.java:95)
	at org.testng.TestNG.runSuitesSequentially(TestNG.java:1274)
	at org.testng.TestNG.runSuitesLocally(TestNG.java:1208)
	at org.testng.TestNG.runSuites(TestNG.java:1112)
	at org.testng.TestNG.run(TestNG.java:1079)
	at api.tests.TestRunner.main(TestRunner.java:69)
Caused by: com.microsoft.playwright.impl.DriverException: Error {
  message=&apos;Executable doesn&apos;t exist at C:\Users\Alla\AppData\Local\ms-playwright\chromium_headless_shell-1169\chrome-win\headless_shell.exe
╔════════════════════════════════════════════════════════════════════════════════════════════╗
║ Looks like Playwright was just installed or updated.                                       ║
║ Please run the following command to download new browsers:                                 ║
║                                                                                            ║
║     mvn exec:java -e -D exec.mainClass=com.microsoft.playwright.CLI -D exec.args=&quot;install&quot; ║
║                                                                                            ║
║ &lt;3 Playwright Team                                                                         ║
╚════════════════════════════════════════════════════════════════════════════════════════════╝
  name=&apos;Error
  stack=&apos;Error: Executable doesn&apos;t exist at C:\Users\Alla\AppData\Local\ms-playwright\chromium_headless_shell-1169\chrome-win\headless_shell.exe
╔════════════════════════════════════════════════════════════════════════════════════════════╗
║ Looks like Playwright was just installed or updated.                                       ║
║ Please run the following command to download new browsers:                                 ║
║                                                                                            ║
║     mvn exec:java -e -D exec.mainClass=com.microsoft.playwright.CLI -D exec.args=&quot;install&quot; ║
║                                                                                            ║
║ &lt;3 Playwright Team                                                                         ║
╚════════════════════════════════════════════════════════════════════════════════════════════╝
    at executablePathOrDie (C:\Users\Alla\AppData\Local\Temp\playwright-java-4739020113251187373\package\lib\server\registry\index.js:496:15)
    at Object.executablePathOrDie (C:\Users\Alla\AppData\Local\Temp\playwright-java-4739020113251187373\package\lib\server\registry\index.js:527:45)
    at Chromium._launchProcess (C:\Users\Alla\AppData\Local\Temp\playwright-java-4739020113251187373\package\lib\server\browserType.js:205:39)
    at async Chromium._innerLaunch (C:\Users\Alla\AppData\Local\Temp\playwright-java-4739020113251187373\package\lib\server\browserType.js:135:70)
    at async Chromium._innerLaunchWithRetries (C:\Users\Alla\AppData\Local\Temp\playwright-java-4739020113251187373\package\lib\server\browserType.js:122:14)
    at async ProgressController.run (C:\Users\Alla\AppData\Local\Temp\playwright-java-4739020113251187373\package\lib\server\progress.js:80:22)
    at async Chromium.launch (C:\Users\Alla\AppData\Local\Temp\playwright-java-4739020113251187373\package\lib\server\browserType.js:87:21)
    at async BrowserTypeDispatcher.launch (C:\Users\Alla\AppData\Local\Temp\playwright-java-4739020113251187373\package\lib\server\dispatchers\browserTypeDispatcher.js:36:21)
    at async LongStandingScope._race (C:\Users\Alla\AppData\Local\Temp\playwright-java-4739020113251187373\package\lib\utils\isomorphic\manualPromise.js:95:14)
    at async BrowserTypeDispatcher._handleCommand (C:\Users\Alla\AppData\Local\Temp\playwright-java-4739020113251187373\package\lib\server\dispatchers\dispatcher.js:96:14)
}
	at com.microsoft.playwright.impl.Connection.dispatch(Connection.java:259)
	at com.microsoft.playwright.impl.Connection.processOneMessage(Connection.java:211)
	at com.microsoft.playwright.impl.ChannelOwner.runUntil(ChannelOwner.java:130)
	... 37 more
</pre></div></td>
<td>0</td>
<td>ui.tests.BookingFlowTest@4d50efb8</td></tr>
<tr>
<td title='ui.tests.UpdateBookingTest.updatePhone()'><b>updatePhone</b><br>Test class: ui.tests.UpdateBookingTest<br>Test method: Update phone number and verify success banner</td>
<td><div><pre>com.microsoft.playwright.PlaywrightException: Error {
  message=&apos;Executable doesn&apos;t exist at C:\Users\Alla\AppData\Local\ms-playwright\chromium_headless_shell-1169\chrome-win\headless_shell.exe
╔════════════════════════════════════════════════════════════════════════════════════════════╗
║ Looks like Playwright was just installed or updated.                                       ║
║ Please run the following command to download new browsers:                                 ║
║                                                                                            ║
║     mvn exec:java -e -D exec.mainClass=com.microsoft.playwright.CLI -D exec.args=&quot;install&quot; ║
║                                                                                            ║
║ &lt;3 Playwright Team                                                                         ║
╚════════════════════════════════════════════════════════════════════════════════════════════╝
  name=&apos;Error
  stack=&apos;Error: Executable doesn&apos;t exist at C:\Users\Alla\AppData\Local\ms-playwright\chromium_headless_shell-1169\chrome-win\headless_shell.exe
╔════════════════════════════════════════════════════════════════════════════════════════════╗
║ Looks like Playwright was just installed or updated.                                       ║
║ Please run the following command to download new browsers:                                 ║
║                                                                                            ║
║     mvn exec:java -e -D exec.mainClass=com.microsoft.playwright.CLI -D exec.args=&quot;install&quot; ║
║                                                                                            ║
║ &lt;3 Playwright Team                                                                         ║
╚════════════════════════════════════════════════════════════════════════════════════════════╝
    at executablePathOrDie (C:\Users\Alla\AppData\Local\Temp\playwright-java-4739020113251187373\package\lib\server\registry\index.js:496:15)
    at Object.executablePathOrDie (C:\Users\Alla\AppData\Local\Temp\playwright-java-4739020113251187373\package\lib\server\registry\index.js:527:45)
    at Chromium._launchProcess (C:\Users\Alla\AppData\Local\Temp\playwright-java-4739020113251187373\package\lib\server\browserType.js:205:39)
    at async Chromium._innerLaunch (C:\Users\Alla\AppData\Local\Temp\playwright-java-4739020113251187373\package\lib\server\browserType.js:135:70)
    at async Chromium._innerLaunchWithRetries (C:\Users\Alla\AppData\Local\Temp\playwright-java-4739020113251187373\package\lib\server\browserType.js:122:14)
    at async ProgressController.run (C:\Users\Alla\AppData\Local\Temp\playwright-java-4739020113251187373\package\lib\server\progress.js:80:22)
    at async Chromium.launch (C:\Users\Alla\AppData\Local\Temp\playwright-java-4739020113251187373\package\lib\server\browserType.js:87:21)
    at async BrowserTypeDispatcher.launch (C:\Users\Alla\AppData\Local\Temp\playwright-java-4739020113251187373\package\lib\server\dispatchers\browserTypeDispatcher.js:36:21)
    at async LongStandingScope._race (C:\Users\Alla\AppData\Local\Temp\playwright-java-4739020113251187373\package\lib\utils\isomorphic\manualPromise.js:95:14)
    at async BrowserTypeDispatcher._handleCommand (C:\Users\Alla\AppData\Local\Temp\playwright-java-4739020113251187373\package\lib\server\dispatchers\dispatcher.js:96:14)
}
	at com.microsoft.playwright.impl.WaitableResult.get(WaitableResult.java:56)
	at com.microsoft.playwright.impl.ChannelOwner.runUntil(ChannelOwner.java:132)
	at com.microsoft.playwright.impl.Connection.sendMessage(Connection.java:130)
	at com.microsoft.playwright.impl.ChannelOwner.sendMessage(ChannelOwner.java:118)
	at com.microsoft.playwright.impl.BrowserTypeImpl.launchImpl(BrowserTypeImpl.java:52)
	at com.microsoft.playwright.impl.BrowserTypeImpl.lambda$launch$0(BrowserTypeImpl.java:44)
	at com.microsoft.playwright.impl.LoggingSupport.withLogging(LoggingSupport.java:47)
	at com.microsoft.playwright.impl.ChannelOwner.withLogging(ChannelOwner.java:97)
	at com.microsoft.playwright.impl.BrowserTypeImpl.launch(BrowserTypeImpl.java:44)
	at com.microsoft.playwright.impl.BrowserTypeImpl.launch(BrowserTypeImpl.java:37)
	at com.microsoft.playwright.BrowserType.launch(BrowserType.java:1326)
	at ui.tests.UpdateBookingTest.setUp(UpdateBookingTest.java:30)
	at java.base/java.util.ArrayList.forEach(ArrayList.java:1597)
	at api.tests.TestRunner.main(TestRunner.java:69)
Caused by: com.microsoft.playwright.impl.DriverException: Error {
  message=&apos;Executable doesn&apos;t exist at C:\Users\Alla\AppData\Local\ms-playwright\chromium_headless_shell-1169\chrome-win\headless_shell.exe
╔════════════════════════════════════════════════════════════════════════════════════════════╗
║ Looks like Playwright was just installed or updated.                                       ║
║ Please run the following command to download new browsers:                                 ║
║                                                                                            ║
║     mvn exec:java -e -D exec.mainClass=com.microsoft.playwright.CLI -D exec.args=&quot;install&quot; ║
║                                                                                            ║
║ &lt;3 Playwright Team                                                                         ║
╚════════════════════════════════════════════════════════════════════════════════════════════╝
  name=&apos;Error
  stack=&apos;Error: Executable doesn&apos;t exist at C:\Users\Alla\AppData\Local\ms-playwright\chromium_headless_shell-1169\chrome-win\headless_shell.exe
╔════════════════════════════════════════════════════════════════════════════════════════════╗
║ Looks like Playwright was just installed or updated.                                       ║
║ Please run the following command to download new browsers:                                 ║
║                                                                                            ║
║     mvn exec:java -e -D exec.mainClass=com.microsoft.playwright.CLI -D exec.args=&quot;install&quot; ║
║                                                                                            ║
║ &lt;3 Playwright Team                                                                         ║
╚════════════════════════════════════════════════════════════════════════════════════════════╝
    at executablePathOrDie (C:\Users\Alla\AppData\Local\Temp\playwright-java-4739020113251187373\package\lib\server\registry\index.js:496:15)
    at Object.executablePathOrDie (C:\Users\Alla\AppData\Local\Temp\playwright-java-4739020113251187373\package\lib\server\registry\index.js:527:45)
    at Chromium._launchProcess (C:\Users\Alla\AppData\Local\Temp\playwright-java-4739020113251187373\package\lib\server\browserType.js:205:39)
    at async Chromium._innerLaunch (C:\Users\Alla\AppData\Local\Temp\playwright-java-4739020113251187373\package\lib\server\browserType.js:135:70)
    at async Chromium._innerLaunchWithRetries (C:\Users\Alla\AppData\Local\Temp\playwright-java-4739020113251187373\package\lib\server\browserType.js:122:14)
    at async ProgressController.run (C:\Users\Alla\AppData\Local\Temp\playwright-java-4739020113251187373\package\lib\server\progress.js:80:22)
    at async Chromium.launch (C:\Users\Alla\AppData\Local\Temp\playwright-java-4739020113251187373\package\lib\server\browserType.js:87:21)
    at async BrowserTypeDispatcher.launch (C:\Users\Alla\AppData\Local\Temp\playwright-java-4739020113251187373\package\lib\server\dispatchers\browserTypeDispatcher.js:36:21)
    at async LongStandingScope._race (C:\Users\Alla\AppData\Local\Temp\playwright-java-4739020113251187373\package\lib\utils\isomorphic\manualPromise.js:95:14)
    at async BrowserTypeDispatcher._handleCommand (C:\Users\Alla\AppData\Local\Temp\playwright-java-4739020113251187373\package\lib\server\dispatchers\dispatcher.js:96:14)
}
	at com.microsoft.playwright.impl.Connection.dispatch(Connection.java:259)
	at com.microsoft.playwright.impl.Connection.processOneMessage(Connection.java:211)
	at com.microsoft.playwright.impl.ChannelOwner.runUntil(ChannelOwner.java:130)
	... 38 more
... Removed 26 stack frames</pre></div><a href='#' onClick='toggleBox("stack-trace423583818", this, "Click to show all stack frames", "Click to hide stack frames")'>Click to show all stack frames</a>
<div class='stack-trace' id='stack-trace423583818'><pre>com.microsoft.playwright.PlaywrightException: Error {
  message=&apos;Executable doesn&apos;t exist at C:\Users\Alla\AppData\Local\ms-playwright\chromium_headless_shell-1169\chrome-win\headless_shell.exe
╔════════════════════════════════════════════════════════════════════════════════════════════╗
║ Looks like Playwright was just installed or updated.                                       ║
║ Please run the following command to download new browsers:                                 ║
║                                                                                            ║
║     mvn exec:java -e -D exec.mainClass=com.microsoft.playwright.CLI -D exec.args=&quot;install&quot; ║
║                                                                                            ║
║ &lt;3 Playwright Team                                                                         ║
╚════════════════════════════════════════════════════════════════════════════════════════════╝
  name=&apos;Error
  stack=&apos;Error: Executable doesn&apos;t exist at C:\Users\Alla\AppData\Local\ms-playwright\chromium_headless_shell-1169\chrome-win\headless_shell.exe
╔════════════════════════════════════════════════════════════════════════════════════════════╗
║ Looks like Playwright was just installed or updated.                                       ║
║ Please run the following command to download new browsers:                                 ║
║                                                                                            ║
║     mvn exec:java -e -D exec.mainClass=com.microsoft.playwright.CLI -D exec.args=&quot;install&quot; ║
║                                                                                            ║
║ &lt;3 Playwright Team                                                                         ║
╚════════════════════════════════════════════════════════════════════════════════════════════╝
    at executablePathOrDie (C:\Users\Alla\AppData\Local\Temp\playwright-java-4739020113251187373\package\lib\server\registry\index.js:496:15)
    at Object.executablePathOrDie (C:\Users\Alla\AppData\Local\Temp\playwright-java-4739020113251187373\package\lib\server\registry\index.js:527:45)
    at Chromium._launchProcess (C:\Users\Alla\AppData\Local\Temp\playwright-java-4739020113251187373\package\lib\server\browserType.js:205:39)
    at async Chromium._innerLaunch (C:\Users\Alla\AppData\Local\Temp\playwright-java-4739020113251187373\package\lib\server\browserType.js:135:70)
    at async Chromium._innerLaunchWithRetries (C:\Users\Alla\AppData\Local\Temp\playwright-java-4739020113251187373\package\lib\server\browserType.js:122:14)
    at async ProgressController.run (C:\Users\Alla\AppData\Local\Temp\playwright-java-4739020113251187373\package\lib\server\progress.js:80:22)
    at async Chromium.launch (C:\Users\Alla\AppData\Local\Temp\playwright-java-4739020113251187373\package\lib\server\browserType.js:87:21)
    at async BrowserTypeDispatcher.launch (C:\Users\Alla\AppData\Local\Temp\playwright-java-4739020113251187373\package\lib\server\dispatchers\browserTypeDispatcher.js:36:21)
    at async LongStandingScope._race (C:\Users\Alla\AppData\Local\Temp\playwright-java-4739020113251187373\package\lib\utils\isomorphic\manualPromise.js:95:14)
    at async BrowserTypeDispatcher._handleCommand (C:\Users\Alla\AppData\Local\Temp\playwright-java-4739020113251187373\package\lib\server\dispatchers\dispatcher.js:96:14)
}
	at com.microsoft.playwright.impl.WaitableResult.get(WaitableResult.java:56)
	at com.microsoft.playwright.impl.ChannelOwner.runUntil(ChannelOwner.java:132)
	at com.microsoft.playwright.impl.Connection.sendMessage(Connection.java:130)
	at com.microsoft.playwright.impl.ChannelOwner.sendMessage(ChannelOwner.java:118)
	at com.microsoft.playwright.impl.BrowserTypeImpl.launchImpl(BrowserTypeImpl.java:52)
	at com.microsoft.playwright.impl.BrowserTypeImpl.lambda$launch$0(BrowserTypeImpl.java:44)
	at com.microsoft.playwright.impl.LoggingSupport.withLogging(LoggingSupport.java:47)
	at com.microsoft.playwright.impl.ChannelOwner.withLogging(ChannelOwner.java:97)
	at com.microsoft.playwright.impl.BrowserTypeImpl.launch(BrowserTypeImpl.java:44)
	at com.microsoft.playwright.impl.BrowserTypeImpl.launch(BrowserTypeImpl.java:37)
	at com.microsoft.playwright.BrowserType.launch(BrowserType.java:1326)
	at ui.tests.UpdateBookingTest.setUp(UpdateBookingTest.java:30)
	at java.base/jdk.internal.reflect.DirectMethodHandleAccessor.invoke(DirectMethodHandleAccessor.java:103)
	at java.base/java.lang.reflect.Method.invoke(Method.java:580)
	at org.testng.internal.invokers.MethodInvocationHelper.invokeMethod(MethodInvocationHelper.java:141)
	at org.testng.internal.invokers.MethodInvocationHelper.invokeMethodConsideringTimeout(MethodInvocationHelper.java:71)
	at org.testng.internal.invokers.ConfigInvoker.invokeConfigurationMethod(ConfigInvoker.java:400)
	at org.testng.internal.invokers.ConfigInvoker.invokeConfigurations(ConfigInvoker.java:333)
	at org.testng.internal.invokers.TestInvoker.runConfigMethods(TestInvoker.java:833)
	at org.testng.internal.invokers.TestInvoker.invokeMethod(TestInvoker.java:600)
	at org.testng.internal.invokers.TestInvoker.invokeTestMethod(TestInvoker.java:230)
	at org.testng.internal.invokers.MethodRunner.runInSequence(MethodRunner.java:63)
	at org.testng.internal.invokers.TestInvoker$MethodInvocationAgent.invoke(TestInvoker.java:992)
	at org.testng.internal.invokers.TestInvoker.invokeTestMethods(TestInvoker.java:203)
	at org.testng.internal.invokers.TestMethodWorker.invokeTestMethods(TestMethodWorker.java:154)
	at org.testng.internal.invokers.TestMethodWorker.run(TestMethodWorker.java:134)
	at java.base/java.util.ArrayList.forEach(ArrayList.java:1597)
	at org.testng.TestRunner.privateRun(TestRunner.java:739)
	at org.testng.TestRunner.run(TestRunner.java:614)
	at org.testng.SuiteRunner.runTest(SuiteRunner.java:421)
	at org.testng.SuiteRunner.runSequentially(SuiteRunner.java:413)
	at org.testng.SuiteRunner.privateRun(SuiteRunner.java:373)
	at org.testng.SuiteRunner.run(SuiteRunner.java:312)
	at org.testng.SuiteRunnerWorker.runSuite(SuiteRunnerWorker.java:52)
	at org.testng.SuiteRunnerWorker.run(SuiteRunnerWorker.java:95)
	at org.testng.TestNG.runSuitesSequentially(TestNG.java:1274)
	at org.testng.TestNG.runSuitesLocally(TestNG.java:1208)
	at org.testng.TestNG.runSuites(TestNG.java:1112)
	at org.testng.TestNG.run(TestNG.java:1079)
	at api.tests.TestRunner.main(TestRunner.java:69)
Caused by: com.microsoft.playwright.impl.DriverException: Error {
  message=&apos;Executable doesn&apos;t exist at C:\Users\Alla\AppData\Local\ms-playwright\chromium_headless_shell-1169\chrome-win\headless_shell.exe
╔════════════════════════════════════════════════════════════════════════════════════════════╗
║ Looks like Playwright was just installed or updated.                                       ║
║ Please run the following command to download new browsers:                                 ║
║                                                                                            ║
║     mvn exec:java -e -D exec.mainClass=com.microsoft.playwright.CLI -D exec.args=&quot;install&quot; ║
║                                                                                            ║
║ &lt;3 Playwright Team                                                                         ║
╚════════════════════════════════════════════════════════════════════════════════════════════╝
  name=&apos;Error
  stack=&apos;Error: Executable doesn&apos;t exist at C:\Users\Alla\AppData\Local\ms-playwright\chromium_headless_shell-1169\chrome-win\headless_shell.exe
╔════════════════════════════════════════════════════════════════════════════════════════════╗
║ Looks like Playwright was just installed or updated.                                       ║
║ Please run the following command to download new browsers:                                 ║
║                                                                                            ║
║     mvn exec:java -e -D exec.mainClass=com.microsoft.playwright.CLI -D exec.args=&quot;install&quot; ║
║                                                                                            ║
║ &lt;3 Playwright Team                                                                         ║
╚════════════════════════════════════════════════════════════════════════════════════════════╝
    at executablePathOrDie (C:\Users\Alla\AppData\Local\Temp\playwright-java-4739020113251187373\package\lib\server\registry\index.js:496:15)
    at Object.executablePathOrDie (C:\Users\Alla\AppData\Local\Temp\playwright-java-4739020113251187373\package\lib\server\registry\index.js:527:45)
    at Chromium._launchProcess (C:\Users\Alla\AppData\Local\Temp\playwright-java-4739020113251187373\package\lib\server\browserType.js:205:39)
    at async Chromium._innerLaunch (C:\Users\Alla\AppData\Local\Temp\playwright-java-4739020113251187373\package\lib\server\browserType.js:135:70)
    at async Chromium._innerLaunchWithRetries (C:\Users\Alla\AppData\Local\Temp\playwright-java-4739020113251187373\package\lib\server\browserType.js:122:14)
    at async ProgressController.run (C:\Users\Alla\AppData\Local\Temp\playwright-java-4739020113251187373\package\lib\server\progress.js:80:22)
    at async Chromium.launch (C:\Users\Alla\AppData\Local\Temp\playwright-java-4739020113251187373\package\lib\server\browserType.js:87:21)
    at async BrowserTypeDispatcher.launch (C:\Users\Alla\AppData\Local\Temp\playwright-java-4739020113251187373\package\lib\server\dispatchers\browserTypeDispatcher.js:36:21)
    at async LongStandingScope._race (C:\Users\Alla\AppData\Local\Temp\playwright-java-4739020113251187373\package\lib\utils\isomorphic\manualPromise.js:95:14)
    at async BrowserTypeDispatcher._handleCommand (C:\Users\Alla\AppData\Local\Temp\playwright-java-4739020113251187373\package\lib\server\dispatchers\dispatcher.js:96:14)
}
	at com.microsoft.playwright.impl.Connection.dispatch(Connection.java:259)
	at com.microsoft.playwright.impl.Connection.processOneMessage(Connection.java:211)
	at com.microsoft.playwright.impl.ChannelOwner.runUntil(ChannelOwner.java:130)
	... 38 more
</pre></div></td>
<td>0</td>
<td>ui.tests.UpdateBookingTest@4eb7f003</td></tr>
<tr>
<td title='ui.tests.DeleteBookingTest.cancelSuiteBooking()'><b>cancelSuiteBooking</b><br>Test class: ui.tests.DeleteBookingTest<br>Test method: Cancel an existing Suite booking and verify banner</td>
<td><div><pre>com.microsoft.playwright.PlaywrightException: Error {
  message=&apos;Executable doesn&apos;t exist at C:\Users\Alla\AppData\Local\ms-playwright\chromium_headless_shell-1169\chrome-win\headless_shell.exe
╔════════════════════════════════════════════════════════════════════════════════════════════╗
║ Looks like Playwright was just installed or updated.                                       ║
║ Please run the following command to download new browsers:                                 ║
║                                                                                            ║
║     mvn exec:java -e -D exec.mainClass=com.microsoft.playwright.CLI -D exec.args=&quot;install&quot; ║
║                                                                                            ║
║ &lt;3 Playwright Team                                                                         ║
╚════════════════════════════════════════════════════════════════════════════════════════════╝
  name=&apos;Error
  stack=&apos;Error: Executable doesn&apos;t exist at C:\Users\Alla\AppData\Local\ms-playwright\chromium_headless_shell-1169\chrome-win\headless_shell.exe
╔════════════════════════════════════════════════════════════════════════════════════════════╗
║ Looks like Playwright was just installed or updated.                                       ║
║ Please run the following command to download new browsers:                                 ║
║                                                                                            ║
║     mvn exec:java -e -D exec.mainClass=com.microsoft.playwright.CLI -D exec.args=&quot;install&quot; ║
║                                                                                            ║
║ &lt;3 Playwright Team                                                                         ║
╚════════════════════════════════════════════════════════════════════════════════════════════╝
    at executablePathOrDie (C:\Users\Alla\AppData\Local\Temp\playwright-java-4739020113251187373\package\lib\server\registry\index.js:496:15)
    at Object.executablePathOrDie (C:\Users\Alla\AppData\Local\Temp\playwright-java-4739020113251187373\package\lib\server\registry\index.js:527:45)
    at Chromium._launchProcess (C:\Users\Alla\AppData\Local\Temp\playwright-java-4739020113251187373\package\lib\server\browserType.js:205:39)
    at async Chromium._innerLaunch (C:\Users\Alla\AppData\Local\Temp\playwright-java-4739020113251187373\package\lib\server\browserType.js:135:70)
    at async Chromium._innerLaunchWithRetries (C:\Users\Alla\AppData\Local\Temp\playwright-java-4739020113251187373\package\lib\server\browserType.js:122:14)
    at async ProgressController.run (C:\Users\Alla\AppData\Local\Temp\playwright-java-4739020113251187373\package\lib\server\progress.js:80:22)
    at async Chromium.launch (C:\Users\Alla\AppData\Local\Temp\playwright-java-4739020113251187373\package\lib\server\browserType.js:87:21)
    at async BrowserTypeDispatcher.launch (C:\Users\Alla\AppData\Local\Temp\playwright-java-4739020113251187373\package\lib\server\dispatchers\browserTypeDispatcher.js:36:21)
    at async LongStandingScope._race (C:\Users\Alla\AppData\Local\Temp\playwright-java-4739020113251187373\package\lib\utils\isomorphic\manualPromise.js:95:14)
    at async BrowserTypeDispatcher._handleCommand (C:\Users\Alla\AppData\Local\Temp\playwright-java-4739020113251187373\package\lib\server\dispatchers\dispatcher.js:96:14)
}
	at com.microsoft.playwright.impl.WaitableResult.get(WaitableResult.java:56)
	at com.microsoft.playwright.impl.ChannelOwner.runUntil(ChannelOwner.java:132)
	at com.microsoft.playwright.impl.Connection.sendMessage(Connection.java:130)
	at com.microsoft.playwright.impl.ChannelOwner.sendMessage(ChannelOwner.java:118)
	at com.microsoft.playwright.impl.BrowserTypeImpl.launchImpl(BrowserTypeImpl.java:52)
	at com.microsoft.playwright.impl.BrowserTypeImpl.lambda$launch$0(BrowserTypeImpl.java:44)
	at com.microsoft.playwright.impl.LoggingSupport.withLogging(LoggingSupport.java:47)
	at com.microsoft.playwright.impl.ChannelOwner.withLogging(ChannelOwner.java:97)
	at com.microsoft.playwright.impl.BrowserTypeImpl.launch(BrowserTypeImpl.java:44)
	at com.microsoft.playwright.impl.BrowserTypeImpl.launch(BrowserTypeImpl.java:37)
	at com.microsoft.playwright.BrowserType.launch(BrowserType.java:1326)
	at ui.tests.DeleteBookingTest.setUp(DeleteBookingTest.java:28)
	at java.base/java.util.ArrayList.forEach(ArrayList.java:1597)
	at api.tests.TestRunner.main(TestRunner.java:69)
Caused by: com.microsoft.playwright.impl.DriverException: Error {
  message=&apos;Executable doesn&apos;t exist at C:\Users\Alla\AppData\Local\ms-playwright\chromium_headless_shell-1169\chrome-win\headless_shell.exe
╔════════════════════════════════════════════════════════════════════════════════════════════╗
║ Looks like Playwright was just installed or updated.                                       ║
║ Please run the following command to download new browsers:                                 ║
║                                                                                            ║
║     mvn exec:java -e -D exec.mainClass=com.microsoft.playwright.CLI -D exec.args=&quot;install&quot; ║
║                                                                                            ║
║ &lt;3 Playwright Team                                                                         ║
╚════════════════════════════════════════════════════════════════════════════════════════════╝
  name=&apos;Error
  stack=&apos;Error: Executable doesn&apos;t exist at C:\Users\Alla\AppData\Local\ms-playwright\chromium_headless_shell-1169\chrome-win\headless_shell.exe
╔════════════════════════════════════════════════════════════════════════════════════════════╗
║ Looks like Playwright was just installed or updated.                                       ║
║ Please run the following command to download new browsers:                                 ║
║                                                                                            ║
║     mvn exec:java -e -D exec.mainClass=com.microsoft.playwright.CLI -D exec.args=&quot;install&quot; ║
║                                                                                            ║
║ &lt;3 Playwright Team                                                                         ║
╚════════════════════════════════════════════════════════════════════════════════════════════╝
    at executablePathOrDie (C:\Users\Alla\AppData\Local\Temp\playwright-java-4739020113251187373\package\lib\server\registry\index.js:496:15)
    at Object.executablePathOrDie (C:\Users\Alla\AppData\Local\Temp\playwright-java-4739020113251187373\package\lib\server\registry\index.js:527:45)
    at Chromium._launchProcess (C:\Users\Alla\AppData\Local\Temp\playwright-java-4739020113251187373\package\lib\server\browserType.js:205:39)
    at async Chromium._innerLaunch (C:\Users\Alla\AppData\Local\Temp\playwright-java-4739020113251187373\package\lib\server\browserType.js:135:70)
    at async Chromium._innerLaunchWithRetries (C:\Users\Alla\AppData\Local\Temp\playwright-java-4739020113251187373\package\lib\server\browserType.js:122:14)
    at async ProgressController.run (C:\Users\Alla\AppData\Local\Temp\playwright-java-4739020113251187373\package\lib\server\progress.js:80:22)
    at async Chromium.launch (C:\Users\Alla\AppData\Local\Temp\playwright-java-4739020113251187373\package\lib\server\browserType.js:87:21)
    at async BrowserTypeDispatcher.launch (C:\Users\Alla\AppData\Local\Temp\playwright-java-4739020113251187373\package\lib\server\dispatchers\browserTypeDispatcher.js:36:21)
    at async LongStandingScope._race (C:\Users\Alla\AppData\Local\Temp\playwright-java-4739020113251187373\package\lib\utils\isomorphic\manualPromise.js:95:14)
    at async BrowserTypeDispatcher._handleCommand (C:\Users\Alla\AppData\Local\Temp\playwright-java-4739020113251187373\package\lib\server\dispatchers\dispatcher.js:96:14)
}
	at com.microsoft.playwright.impl.Connection.dispatch(Connection.java:259)
	at com.microsoft.playwright.impl.Connection.processOneMessage(Connection.java:211)
	at com.microsoft.playwright.impl.ChannelOwner.runUntil(ChannelOwner.java:130)
	... 38 more
... Removed 26 stack frames</pre></div><a href='#' onClick='toggleBox("stack-trace1813187653", this, "Click to show all stack frames", "Click to hide stack frames")'>Click to show all stack frames</a>
<div class='stack-trace' id='stack-trace1813187653'><pre>com.microsoft.playwright.PlaywrightException: Error {
  message=&apos;Executable doesn&apos;t exist at C:\Users\Alla\AppData\Local\ms-playwright\chromium_headless_shell-1169\chrome-win\headless_shell.exe
╔════════════════════════════════════════════════════════════════════════════════════════════╗
║ Looks like Playwright was just installed or updated.                                       ║
║ Please run the following command to download new browsers:                                 ║
║                                                                                            ║
║     mvn exec:java -e -D exec.mainClass=com.microsoft.playwright.CLI -D exec.args=&quot;install&quot; ║
║                                                                                            ║
║ &lt;3 Playwright Team                                                                         ║
╚════════════════════════════════════════════════════════════════════════════════════════════╝
  name=&apos;Error
  stack=&apos;Error: Executable doesn&apos;t exist at C:\Users\Alla\AppData\Local\ms-playwright\chromium_headless_shell-1169\chrome-win\headless_shell.exe
╔════════════════════════════════════════════════════════════════════════════════════════════╗
║ Looks like Playwright was just installed or updated.                                       ║
║ Please run the following command to download new browsers:                                 ║
║                                                                                            ║
║     mvn exec:java -e -D exec.mainClass=com.microsoft.playwright.CLI -D exec.args=&quot;install&quot; ║
║                                                                                            ║
║ &lt;3 Playwright Team                                                                         ║
╚════════════════════════════════════════════════════════════════════════════════════════════╝
    at executablePathOrDie (C:\Users\Alla\AppData\Local\Temp\playwright-java-4739020113251187373\package\lib\server\registry\index.js:496:15)
    at Object.executablePathOrDie (C:\Users\Alla\AppData\Local\Temp\playwright-java-4739020113251187373\package\lib\server\registry\index.js:527:45)
    at Chromium._launchProcess (C:\Users\Alla\AppData\Local\Temp\playwright-java-4739020113251187373\package\lib\server\browserType.js:205:39)
    at async Chromium._innerLaunch (C:\Users\Alla\AppData\Local\Temp\playwright-java-4739020113251187373\package\lib\server\browserType.js:135:70)
    at async Chromium._innerLaunchWithRetries (C:\Users\Alla\AppData\Local\Temp\playwright-java-4739020113251187373\package\lib\server\browserType.js:122:14)
    at async ProgressController.run (C:\Users\Alla\AppData\Local\Temp\playwright-java-4739020113251187373\package\lib\server\progress.js:80:22)
    at async Chromium.launch (C:\Users\Alla\AppData\Local\Temp\playwright-java-4739020113251187373\package\lib\server\browserType.js:87:21)
    at async BrowserTypeDispatcher.launch (C:\Users\Alla\AppData\Local\Temp\playwright-java-4739020113251187373\package\lib\server\dispatchers\browserTypeDispatcher.js:36:21)
    at async LongStandingScope._race (C:\Users\Alla\AppData\Local\Temp\playwright-java-4739020113251187373\package\lib\utils\isomorphic\manualPromise.js:95:14)
    at async BrowserTypeDispatcher._handleCommand (C:\Users\Alla\AppData\Local\Temp\playwright-java-4739020113251187373\package\lib\server\dispatchers\dispatcher.js:96:14)
}
	at com.microsoft.playwright.impl.WaitableResult.get(WaitableResult.java:56)
	at com.microsoft.playwright.impl.ChannelOwner.runUntil(ChannelOwner.java:132)
	at com.microsoft.playwright.impl.Connection.sendMessage(Connection.java:130)
	at com.microsoft.playwright.impl.ChannelOwner.sendMessage(ChannelOwner.java:118)
	at com.microsoft.playwright.impl.BrowserTypeImpl.launchImpl(BrowserTypeImpl.java:52)
	at com.microsoft.playwright.impl.BrowserTypeImpl.lambda$launch$0(BrowserTypeImpl.java:44)
	at com.microsoft.playwright.impl.LoggingSupport.withLogging(LoggingSupport.java:47)
	at com.microsoft.playwright.impl.ChannelOwner.withLogging(ChannelOwner.java:97)
	at com.microsoft.playwright.impl.BrowserTypeImpl.launch(BrowserTypeImpl.java:44)
	at com.microsoft.playwright.impl.BrowserTypeImpl.launch(BrowserTypeImpl.java:37)
	at com.microsoft.playwright.BrowserType.launch(BrowserType.java:1326)
	at ui.tests.DeleteBookingTest.setUp(DeleteBookingTest.java:28)
	at java.base/jdk.internal.reflect.DirectMethodHandleAccessor.invoke(DirectMethodHandleAccessor.java:103)
	at java.base/java.lang.reflect.Method.invoke(Method.java:580)
	at org.testng.internal.invokers.MethodInvocationHelper.invokeMethod(MethodInvocationHelper.java:141)
	at org.testng.internal.invokers.MethodInvocationHelper.invokeMethodConsideringTimeout(MethodInvocationHelper.java:71)
	at org.testng.internal.invokers.ConfigInvoker.invokeConfigurationMethod(ConfigInvoker.java:400)
	at org.testng.internal.invokers.ConfigInvoker.invokeConfigurations(ConfigInvoker.java:333)
	at org.testng.internal.invokers.TestInvoker.runConfigMethods(TestInvoker.java:833)
	at org.testng.internal.invokers.TestInvoker.invokeMethod(TestInvoker.java:600)
	at org.testng.internal.invokers.TestInvoker.invokeTestMethod(TestInvoker.java:230)
	at org.testng.internal.invokers.MethodRunner.runInSequence(MethodRunner.java:63)
	at org.testng.internal.invokers.TestInvoker$MethodInvocationAgent.invoke(TestInvoker.java:992)
	at org.testng.internal.invokers.TestInvoker.invokeTestMethods(TestInvoker.java:203)
	at org.testng.internal.invokers.TestMethodWorker.invokeTestMethods(TestMethodWorker.java:154)
	at org.testng.internal.invokers.TestMethodWorker.run(TestMethodWorker.java:134)
	at java.base/java.util.ArrayList.forEach(ArrayList.java:1597)
	at org.testng.TestRunner.privateRun(TestRunner.java:739)
	at org.testng.TestRunner.run(TestRunner.java:614)
	at org.testng.SuiteRunner.runTest(SuiteRunner.java:421)
	at org.testng.SuiteRunner.runSequentially(SuiteRunner.java:413)
	at org.testng.SuiteRunner.privateRun(SuiteRunner.java:373)
	at org.testng.SuiteRunner.run(SuiteRunner.java:312)
	at org.testng.SuiteRunnerWorker.runSuite(SuiteRunnerWorker.java:52)
	at org.testng.SuiteRunnerWorker.run(SuiteRunnerWorker.java:95)
	at org.testng.TestNG.runSuitesSequentially(TestNG.java:1274)
	at org.testng.TestNG.runSuitesLocally(TestNG.java:1208)
	at org.testng.TestNG.runSuites(TestNG.java:1112)
	at org.testng.TestNG.run(TestNG.java:1079)
	at api.tests.TestRunner.main(TestRunner.java:69)
Caused by: com.microsoft.playwright.impl.DriverException: Error {
  message=&apos;Executable doesn&apos;t exist at C:\Users\Alla\AppData\Local\ms-playwright\chromium_headless_shell-1169\chrome-win\headless_shell.exe
╔════════════════════════════════════════════════════════════════════════════════════════════╗
║ Looks like Playwright was just installed or updated.                                       ║
║ Please run the following command to download new browsers:                                 ║
║                                                                                            ║
║     mvn exec:java -e -D exec.mainClass=com.microsoft.playwright.CLI -D exec.args=&quot;install&quot; ║
║                                                                                            ║
║ &lt;3 Playwright Team                                                                         ║
╚════════════════════════════════════════════════════════════════════════════════════════════╝
  name=&apos;Error
  stack=&apos;Error: Executable doesn&apos;t exist at C:\Users\Alla\AppData\Local\ms-playwright\chromium_headless_shell-1169\chrome-win\headless_shell.exe
╔════════════════════════════════════════════════════════════════════════════════════════════╗
║ Looks like Playwright was just installed or updated.                                       ║
║ Please run the following command to download new browsers:                                 ║
║                                                                                            ║
║     mvn exec:java -e -D exec.mainClass=com.microsoft.playwright.CLI -D exec.args=&quot;install&quot; ║
║                                                                                            ║
║ &lt;3 Playwright Team                                                                         ║
╚════════════════════════════════════════════════════════════════════════════════════════════╝
    at executablePathOrDie (C:\Users\Alla\AppData\Local\Temp\playwright-java-4739020113251187373\package\lib\server\registry\index.js:496:15)
    at Object.executablePathOrDie (C:\Users\Alla\AppData\Local\Temp\playwright-java-4739020113251187373\package\lib\server\registry\index.js:527:45)
    at Chromium._launchProcess (C:\Users\Alla\AppData\Local\Temp\playwright-java-4739020113251187373\package\lib\server\browserType.js:205:39)
    at async Chromium._innerLaunch (C:\Users\Alla\AppData\Local\Temp\playwright-java-4739020113251187373\package\lib\server\browserType.js:135:70)
    at async Chromium._innerLaunchWithRetries (C:\Users\Alla\AppData\Local\Temp\playwright-java-4739020113251187373\package\lib\server\browserType.js:122:14)
    at async ProgressController.run (C:\Users\Alla\AppData\Local\Temp\playwright-java-4739020113251187373\package\lib\server\progress.js:80:22)
    at async Chromium.launch (C:\Users\Alla\AppData\Local\Temp\playwright-java-4739020113251187373\package\lib\server\browserType.js:87:21)
    at async BrowserTypeDispatcher.launch (C:\Users\Alla\AppData\Local\Temp\playwright-java-4739020113251187373\package\lib\server\dispatchers\browserTypeDispatcher.js:36:21)
    at async LongStandingScope._race (C:\Users\Alla\AppData\Local\Temp\playwright-java-4739020113251187373\package\lib\utils\isomorphic\manualPromise.js:95:14)
    at async BrowserTypeDispatcher._handleCommand (C:\Users\Alla\AppData\Local\Temp\playwright-java-4739020113251187373\package\lib\server\dispatchers\dispatcher.js:96:14)
}
	at com.microsoft.playwright.impl.Connection.dispatch(Connection.java:259)
	at com.microsoft.playwright.impl.Connection.processOneMessage(Connection.java:211)
	at com.microsoft.playwright.impl.ChannelOwner.runUntil(ChannelOwner.java:130)
	... 38 more
</pre></div></td>
<td>0</td>
<td>ui.tests.DeleteBookingTest@87f383f</td></tr>
</table><p>
</body>
</html>