<!DOCTYPE html>

<html>
  <head>
  <meta charset='utf-8'>
  <title>TestNG reports</title>

    <link type="text/css" href="testng-reports1.css" rel="stylesheet" id="ultra" />
    <link type="text/css" href="testng-reports.css" rel="stylesheet" id="retro" disabled="false"/>
    <script type="text/javascript" src="jquery-3.6.0.min.js"></script>
    <script type="text/javascript" src="testng-reports.js"></script>
    <script type="text/javascript" src="https://www.google.com/jsapi"></script>
    <script type='text/javascript'>
      google.load('visualization', '1', {packages:['table']});
      google.setOnLoadCallback(drawTable);
      var suiteTableInitFunctions = new Array();
      var suiteTableData = new Array();
    </script>
    <!--
      <script type="text/javascript" src="jquery-ui/js/jquery-ui-1.8.16.custom.min.js"></script>
     -->
  </head>

  <body>    <div class="top-banner-root">
      <span class="top-banner-title-font">Test results</span>
      <button id="button" class="button">Switch Retro Theme</button> <!-- button -->
      <br/>
      <span class="top-banner-font-1">1 suite</span>
    </div> <!-- top-banner-root -->
    <div class="navigator-root">
      <div class="navigator-suite-header">
        <span>All suites</span>
        <a href="#" title="Collapse/expand all the suites" class="collapse-all-link">
          <img src="collapseall.gif" class="collapse-all-icon">
          </img> <!-- collapse-all-icon -->
        </a> <!-- collapse-all-link -->
      </div> <!-- navigator-suite-header -->
      <div class="suite">
        <div class="rounded-window">
          <div class="suite-header light-rounded-window-top">
            <a href="#" panel-name="suite-Command_line_suite" class="navigator-link">
              <span class="suite-name border-skipped">Command line suite</span>
            </a> <!-- navigator-link -->
          </div> <!-- suite-header light-rounded-window-top -->
          <div class="navigator-suite-content">
            <div class="suite-section-title">
              <span>Info</span>
            </div> <!-- suite-section-title -->
            <div class="suite-section-content">
              <ul>
                <li>
                  <a href="#" panel-name="test-xml-Command_line_suite" class="navigator-link ">
                    <span>[unset file name]</span>
                  </a> <!-- navigator-link  -->
                </li>
                <li>
                  <a href="#" panel-name="testlist-Command_line_suite" class="navigator-link ">
                    <span class="test-stats">1 test</span>
                  </a> <!-- navigator-link  -->
                </li>
                <li>
                  <a href="#" panel-name="group-Command_line_suite" class="navigator-link ">
                    <span>0 groups</span>
                  </a> <!-- navigator-link  -->
                </li>
                <li>
                  <a href="#" panel-name="times-Command_line_suite" class="navigator-link ">
                    <span>Times</span>
                  </a> <!-- navigator-link  -->
                </li>
                <li>
                  <a href="#" panel-name="reporter-Command_line_suite" class="navigator-link ">
                    <span>Reporter output</span>
                  </a> <!-- navigator-link  -->
                </li>
                <li>
                  <a href="#" panel-name="ignored-methods-Command_line_suite" class="navigator-link ">
                    <span>Ignored methods</span>
                  </a> <!-- navigator-link  -->
                </li>
                <li>
                  <a href="#" panel-name="chronological-Command_line_suite" class="navigator-link ">
                    <span>Chronological view</span>
                  </a> <!-- navigator-link  -->
                </li>
              </ul>
            </div> <!-- suite-section-content -->
            <div class="result-section">
              <div class="suite-section-title">
                <span>Results</span>
              </div> <!-- suite-section-title -->
              <div class="suite-section-content">
                <ul>
                  <li>
                    <span class="method-stats">3 methods,  3 skipped,  </span>
                  </li>
                  <li>
                    <span class="method-list-title skipped">Skipped methods</span>
                    <span class="show-or-hide-methods skipped">
                      <a href="#" panel-name="suite-Command_line_suite" class="hide-methods skipped suite-Command_line_suite"> (hide)</a> <!-- hide-methods skipped suite-Command_line_suite -->
                      <a href="#" panel-name="suite-Command_line_suite" class="show-methods skipped suite-Command_line_suite"> (show)</a> <!-- show-methods skipped suite-Command_line_suite -->
                    </span>
                    <div class="method-list-content skipped suite-Command_line_suite">
                      <span>
                        <img src="skipped.png" width="3%"/>
                        <a href="#" panel-name="suite-Command_line_suite" title="ui.tests.BookingFlowTest" class="method navigator-link" hash-for-method="bookAllRoomsWithValidation">bookAllRoomsWithValidation</a> <!-- method navigator-link -->
                      </span>
                      <br/>
                      <span>
                        <img src="skipped.png" width="3%"/>
                        <a href="#" panel-name="suite-Command_line_suite" title="ui.tests.DeleteBookingTest" class="method navigator-link" hash-for-method="cancelSuiteBooking">cancelSuiteBooking</a> <!-- method navigator-link -->
                      </span>
                      <br/>
                      <span>
                        <img src="skipped.png" width="3%"/>
                        <a href="#" panel-name="suite-Command_line_suite" title="ui.tests.UpdateBookingTest" class="method navigator-link" hash-for-method="updatePhone">updatePhone</a> <!-- method navigator-link -->
                      </span>
                      <br/>
                    </div> <!-- method-list-content skipped suite-Command_line_suite -->
                  </li>
                </ul>
              </div> <!-- suite-section-content -->
            </div> <!-- result-section -->
          </div> <!-- navigator-suite-content -->
        </div> <!-- rounded-window -->
      </div> <!-- suite -->
    </div> <!-- navigator-root -->
    <div class="wrapper">
      <div class="main-panel-root">
        <div panel-name="suite-Command_line_suite" class="panel Command_line_suite">
          <div class="suite-Command_line_suite-class-skipped">
            <div class="main-panel-header rounded-window-top">
              <img src="skipped.png"/>
              <span class="class-name">ui.tests.BookingFlowTest</span>
            </div> <!-- main-panel-header rounded-window-top -->
            <div class="main-panel-content rounded-window-bottom">
              <div class="method">
                <div class="method-content">
                  <a name="bookAllRoomsWithValidation">
                  </a> <!-- bookAllRoomsWithValidation -->
                  <span class="method-name">bookAllRoomsWithValidation</span>
                  <div class="stack-trace">com.microsoft.playwright.PlaywrightException: Error {
  message=&apos;Executable doesn&apos;t exist at C:\Users\Alla\AppData\Local\ms-playwright\chromium_headless_shell-1169\chrome-win\headless_shell.exe
╔════════════════════════════════════════════════════════════════════════════════════════════╗
║ Looks like Playwright was just installed or updated.                                       ║
║ Please run the following command to download new browsers:                                 ║
║                                                                                            ║
║     mvn exec:java -e -D exec.mainClass=com.microsoft.playwright.CLI -D exec.args=&quot;install&quot; ║
║                                                                                            ║
║ &lt;3 Playwright Team                                                                         ║
╚════════════════════════════════════════════════════════════════════════════════════════════╝
  name=&apos;Error
  stack=&apos;Error: Executable doesn&apos;t exist at C:\Users\Alla\AppData\Local\ms-playwright\chromium_headless_shell-1169\chrome-win\headless_shell.exe
╔════════════════════════════════════════════════════════════════════════════════════════════╗
║ Looks like Playwright was just installed or updated.                                       ║
║ Please run the following command to download new browsers:                                 ║
║                                                                                            ║
║     mvn exec:java -e -D exec.mainClass=com.microsoft.playwright.CLI -D exec.args=&quot;install&quot; ║
║                                                                                            ║
║ &lt;3 Playwright Team                                                                         ║
╚════════════════════════════════════════════════════════════════════════════════════════════╝
    at executablePathOrDie (C:\Users\Alla\AppData\Local\Temp\playwright-java-4739020113251187373\package\lib\server\registry\index.js:496:15)
    at Object.executablePathOrDie (C:\Users\Alla\AppData\Local\Temp\playwright-java-4739020113251187373\package\lib\server\registry\index.js:527:45)
    at Chromium._launchProcess (C:\Users\Alla\AppData\Local\Temp\playwright-java-4739020113251187373\package\lib\server\browserType.js:205:39)
    at async Chromium._innerLaunch (C:\Users\Alla\AppData\Local\Temp\playwright-java-4739020113251187373\package\lib\server\browserType.js:135:70)
    at async Chromium._innerLaunchWithRetries (C:\Users\Alla\AppData\Local\Temp\playwright-java-4739020113251187373\package\lib\server\browserType.js:122:14)
    at async ProgressController.run (C:\Users\Alla\AppData\Local\Temp\playwright-java-4739020113251187373\package\lib\server\progress.js:80:22)
    at async Chromium.launch (C:\Users\Alla\AppData\Local\Temp\playwright-java-4739020113251187373\package\lib\server\browserType.js:87:21)
    at async BrowserTypeDispatcher.launch (C:\Users\Alla\AppData\Local\Temp\playwright-java-4739020113251187373\package\lib\server\dispatchers\browserTypeDispatcher.js:36:21)
    at async LongStandingScope._race (C:\Users\Alla\AppData\Local\Temp\playwright-java-4739020113251187373\package\lib\utils\isomorphic\manualPromise.js:95:14)
    at async BrowserTypeDispatcher._handleCommand (C:\Users\Alla\AppData\Local\Temp\playwright-java-4739020113251187373\package\lib\server\dispatchers\dispatcher.js:96:14)
}
	at com.microsoft.playwright.impl.WaitableResult.get(WaitableResult.java:56)
	at com.microsoft.playwright.impl.ChannelOwner.runUntil(ChannelOwner.java:132)
	at com.microsoft.playwright.impl.Connection.sendMessage(Connection.java:130)
	at com.microsoft.playwright.impl.ChannelOwner.sendMessage(ChannelOwner.java:118)
	at com.microsoft.playwright.impl.BrowserTypeImpl.launchImpl(BrowserTypeImpl.java:52)
	at com.microsoft.playwright.impl.BrowserTypeImpl.lambda$launch$0(BrowserTypeImpl.java:44)
	at com.microsoft.playwright.impl.LoggingSupport.withLogging(LoggingSupport.java:47)
	at com.microsoft.playwright.impl.ChannelOwner.withLogging(ChannelOwner.java:97)
	at com.microsoft.playwright.impl.BrowserTypeImpl.launch(BrowserTypeImpl.java:44)
	at com.microsoft.playwright.impl.BrowserTypeImpl.launch(BrowserTypeImpl.java:37)
	at ui.tests.BookingFlowTest.setUp(BookingFlowTest.java:32)
	at java.base/java.util.ArrayList.forEach(ArrayList.java:1597)
	at api.tests.TestRunner.main(TestRunner.java:69)
Caused by: com.microsoft.playwright.impl.DriverException: Error {
  message=&apos;Executable doesn&apos;t exist at C:\Users\Alla\AppData\Local\ms-playwright\chromium_headless_shell-1169\chrome-win\headless_shell.exe
╔════════════════════════════════════════════════════════════════════════════════════════════╗
║ Looks like Playwright was just installed or updated.                                       ║
║ Please run the following command to download new browsers:                                 ║
║                                                                                            ║
║     mvn exec:java -e -D exec.mainClass=com.microsoft.playwright.CLI -D exec.args=&quot;install&quot; ║
║                                                                                            ║
║ &lt;3 Playwright Team                                                                         ║
╚════════════════════════════════════════════════════════════════════════════════════════════╝
  name=&apos;Error
  stack=&apos;Error: Executable doesn&apos;t exist at C:\Users\Alla\AppData\Local\ms-playwright\chromium_headless_shell-1169\chrome-win\headless_shell.exe
╔════════════════════════════════════════════════════════════════════════════════════════════╗
║ Looks like Playwright was just installed or updated.                                       ║
║ Please run the following command to download new browsers:                                 ║
║                                                                                            ║
║     mvn exec:java -e -D exec.mainClass=com.microsoft.playwright.CLI -D exec.args=&quot;install&quot; ║
║                                                                                            ║
║ &lt;3 Playwright Team                                                                         ║
╚════════════════════════════════════════════════════════════════════════════════════════════╝
    at executablePathOrDie (C:\Users\Alla\AppData\Local\Temp\playwright-java-4739020113251187373\package\lib\server\registry\index.js:496:15)
    at Object.executablePathOrDie (C:\Users\Alla\AppData\Local\Temp\playwright-java-4739020113251187373\package\lib\server\registry\index.js:527:45)
    at Chromium._launchProcess (C:\Users\Alla\AppData\Local\Temp\playwright-java-4739020113251187373\package\lib\server\browserType.js:205:39)
    at async Chromium._innerLaunch (C:\Users\Alla\AppData\Local\Temp\playwright-java-4739020113251187373\package\lib\server\browserType.js:135:70)
    at async Chromium._innerLaunchWithRetries (C:\Users\Alla\AppData\Local\Temp\playwright-java-4739020113251187373\package\lib\server\browserType.js:122:14)
    at async ProgressController.run (C:\Users\Alla\AppData\Local\Temp\playwright-java-4739020113251187373\package\lib\server\progress.js:80:22)
    at async Chromium.launch (C:\Users\Alla\AppData\Local\Temp\playwright-java-4739020113251187373\package\lib\server\browserType.js:87:21)
    at async BrowserTypeDispatcher.launch (C:\Users\Alla\AppData\Local\Temp\playwright-java-4739020113251187373\package\lib\server\dispatchers\browserTypeDispatcher.js:36:21)
    at async LongStandingScope._race (C:\Users\Alla\AppData\Local\Temp\playwright-java-4739020113251187373\package\lib\utils\isomorphic\manualPromise.js:95:14)
    at async BrowserTypeDispatcher._handleCommand (C:\Users\Alla\AppData\Local\Temp\playwright-java-4739020113251187373\package\lib\server\dispatchers\dispatcher.js:96:14)
}
	at com.microsoft.playwright.impl.Connection.dispatch(Connection.java:259)
	at com.microsoft.playwright.impl.Connection.processOneMessage(Connection.java:211)
	at com.microsoft.playwright.impl.ChannelOwner.runUntil(ChannelOwner.java:130)
	... 37 more
... Removed 26 stack frames
</div> <!-- stack-trace -->
                  <em>
(Validate required fields and then complete bookings for all room types)                  </em>
                </div> <!-- method-content -->
              </div> <!-- method -->
            </div> <!-- main-panel-content rounded-window-bottom -->
          </div> <!-- suite-Command_line_suite-class-skipped -->
          <div class="suite-Command_line_suite-class-skipped">
            <div class="main-panel-header rounded-window-top">
              <img src="skipped.png"/>
              <span class="class-name">ui.tests.DeleteBookingTest</span>
            </div> <!-- main-panel-header rounded-window-top -->
            <div class="main-panel-content rounded-window-bottom">
              <div class="method">
                <div class="method-content">
                  <a name="cancelSuiteBooking">
                  </a> <!-- cancelSuiteBooking -->
                  <span class="method-name">cancelSuiteBooking</span>
                  <div class="stack-trace">com.microsoft.playwright.PlaywrightException: Error {
  message=&apos;Executable doesn&apos;t exist at C:\Users\Alla\AppData\Local\ms-playwright\chromium_headless_shell-1169\chrome-win\headless_shell.exe
╔════════════════════════════════════════════════════════════════════════════════════════════╗
║ Looks like Playwright was just installed or updated.                                       ║
║ Please run the following command to download new browsers:                                 ║
║                                                                                            ║
║     mvn exec:java -e -D exec.mainClass=com.microsoft.playwright.CLI -D exec.args=&quot;install&quot; ║
║                                                                                            ║
║ &lt;3 Playwright Team                                                                         ║
╚════════════════════════════════════════════════════════════════════════════════════════════╝
  name=&apos;Error
  stack=&apos;Error: Executable doesn&apos;t exist at C:\Users\Alla\AppData\Local\ms-playwright\chromium_headless_shell-1169\chrome-win\headless_shell.exe
╔════════════════════════════════════════════════════════════════════════════════════════════╗
║ Looks like Playwright was just installed or updated.                                       ║
║ Please run the following command to download new browsers:                                 ║
║                                                                                            ║
║     mvn exec:java -e -D exec.mainClass=com.microsoft.playwright.CLI -D exec.args=&quot;install&quot; ║
║                                                                                            ║
║ &lt;3 Playwright Team                                                                         ║
╚════════════════════════════════════════════════════════════════════════════════════════════╝
    at executablePathOrDie (C:\Users\Alla\AppData\Local\Temp\playwright-java-4739020113251187373\package\lib\server\registry\index.js:496:15)
    at Object.executablePathOrDie (C:\Users\Alla\AppData\Local\Temp\playwright-java-4739020113251187373\package\lib\server\registry\index.js:527:45)
    at Chromium._launchProcess (C:\Users\Alla\AppData\Local\Temp\playwright-java-4739020113251187373\package\lib\server\browserType.js:205:39)
    at async Chromium._innerLaunch (C:\Users\Alla\AppData\Local\Temp\playwright-java-4739020113251187373\package\lib\server\browserType.js:135:70)
    at async Chromium._innerLaunchWithRetries (C:\Users\Alla\AppData\Local\Temp\playwright-java-4739020113251187373\package\lib\server\browserType.js:122:14)
    at async ProgressController.run (C:\Users\Alla\AppData\Local\Temp\playwright-java-4739020113251187373\package\lib\server\progress.js:80:22)
    at async Chromium.launch (C:\Users\Alla\AppData\Local\Temp\playwright-java-4739020113251187373\package\lib\server\browserType.js:87:21)
    at async BrowserTypeDispatcher.launch (C:\Users\Alla\AppData\Local\Temp\playwright-java-4739020113251187373\package\lib\server\dispatchers\browserTypeDispatcher.js:36:21)
    at async LongStandingScope._race (C:\Users\Alla\AppData\Local\Temp\playwright-java-4739020113251187373\package\lib\utils\isomorphic\manualPromise.js:95:14)
    at async BrowserTypeDispatcher._handleCommand (C:\Users\Alla\AppData\Local\Temp\playwright-java-4739020113251187373\package\lib\server\dispatchers\dispatcher.js:96:14)
}
	at com.microsoft.playwright.impl.WaitableResult.get(WaitableResult.java:56)
	at com.microsoft.playwright.impl.ChannelOwner.runUntil(ChannelOwner.java:132)
	at com.microsoft.playwright.impl.Connection.sendMessage(Connection.java:130)
	at com.microsoft.playwright.impl.ChannelOwner.sendMessage(ChannelOwner.java:118)
	at com.microsoft.playwright.impl.BrowserTypeImpl.launchImpl(BrowserTypeImpl.java:52)
	at com.microsoft.playwright.impl.BrowserTypeImpl.lambda$launch$0(BrowserTypeImpl.java:44)
	at com.microsoft.playwright.impl.LoggingSupport.withLogging(LoggingSupport.java:47)
	at com.microsoft.playwright.impl.ChannelOwner.withLogging(ChannelOwner.java:97)
	at com.microsoft.playwright.impl.BrowserTypeImpl.launch(BrowserTypeImpl.java:44)
	at com.microsoft.playwright.impl.BrowserTypeImpl.launch(BrowserTypeImpl.java:37)
	at com.microsoft.playwright.BrowserType.launch(BrowserType.java:1326)
	at ui.tests.DeleteBookingTest.setUp(DeleteBookingTest.java:28)
	at java.base/java.util.ArrayList.forEach(ArrayList.java:1597)
	at api.tests.TestRunner.main(TestRunner.java:69)
Caused by: com.microsoft.playwright.impl.DriverException: Error {
  message=&apos;Executable doesn&apos;t exist at C:\Users\Alla\AppData\Local\ms-playwright\chromium_headless_shell-1169\chrome-win\headless_shell.exe
╔════════════════════════════════════════════════════════════════════════════════════════════╗
║ Looks like Playwright was just installed or updated.                                       ║
║ Please run the following command to download new browsers:                                 ║
║                                                                                            ║
║     mvn exec:java -e -D exec.mainClass=com.microsoft.playwright.CLI -D exec.args=&quot;install&quot; ║
║                                                                                            ║
║ &lt;3 Playwright Team                                                                         ║
╚════════════════════════════════════════════════════════════════════════════════════════════╝
  name=&apos;Error
  stack=&apos;Error: Executable doesn&apos;t exist at C:\Users\Alla\AppData\Local\ms-playwright\chromium_headless_shell-1169\chrome-win\headless_shell.exe
╔════════════════════════════════════════════════════════════════════════════════════════════╗
║ Looks like Playwright was just installed or updated.                                       ║
║ Please run the following command to download new browsers:                                 ║
║                                                                                            ║
║     mvn exec:java -e -D exec.mainClass=com.microsoft.playwright.CLI -D exec.args=&quot;install&quot; ║
║                                                                                            ║
║ &lt;3 Playwright Team                                                                         ║
╚════════════════════════════════════════════════════════════════════════════════════════════╝
    at executablePathOrDie (C:\Users\Alla\AppData\Local\Temp\playwright-java-4739020113251187373\package\lib\server\registry\index.js:496:15)
    at Object.executablePathOrDie (C:\Users\Alla\AppData\Local\Temp\playwright-java-4739020113251187373\package\lib\server\registry\index.js:527:45)
    at Chromium._launchProcess (C:\Users\Alla\AppData\Local\Temp\playwright-java-4739020113251187373\package\lib\server\browserType.js:205:39)
    at async Chromium._innerLaunch (C:\Users\Alla\AppData\Local\Temp\playwright-java-4739020113251187373\package\lib\server\browserType.js:135:70)
    at async Chromium._innerLaunchWithRetries (C:\Users\Alla\AppData\Local\Temp\playwright-java-4739020113251187373\package\lib\server\browserType.js:122:14)
    at async ProgressController.run (C:\Users\Alla\AppData\Local\Temp\playwright-java-4739020113251187373\package\lib\server\progress.js:80:22)
    at async Chromium.launch (C:\Users\Alla\AppData\Local\Temp\playwright-java-4739020113251187373\package\lib\server\browserType.js:87:21)
    at async BrowserTypeDispatcher.launch (C:\Users\Alla\AppData\Local\Temp\playwright-java-4739020113251187373\package\lib\server\dispatchers\browserTypeDispatcher.js:36:21)
    at async LongStandingScope._race (C:\Users\Alla\AppData\Local\Temp\playwright-java-4739020113251187373\package\lib\utils\isomorphic\manualPromise.js:95:14)
    at async BrowserTypeDispatcher._handleCommand (C:\Users\Alla\AppData\Local\Temp\playwright-java-4739020113251187373\package\lib\server\dispatchers\dispatcher.js:96:14)
}
	at com.microsoft.playwright.impl.Connection.dispatch(Connection.java:259)
	at com.microsoft.playwright.impl.Connection.processOneMessage(Connection.java:211)
	at com.microsoft.playwright.impl.ChannelOwner.runUntil(ChannelOwner.java:130)
	... 38 more
... Removed 26 stack frames
</div> <!-- stack-trace -->
                  <em>
(Cancel an existing Suite booking and verify banner)                  </em>
                </div> <!-- method-content -->
              </div> <!-- method -->
            </div> <!-- main-panel-content rounded-window-bottom -->
          </div> <!-- suite-Command_line_suite-class-skipped -->
          <div class="suite-Command_line_suite-class-skipped">
            <div class="main-panel-header rounded-window-top">
              <img src="skipped.png"/>
              <span class="class-name">ui.tests.UpdateBookingTest</span>
            </div> <!-- main-panel-header rounded-window-top -->
            <div class="main-panel-content rounded-window-bottom">
              <div class="method">
                <div class="method-content">
                  <a name="updatePhone">
                  </a> <!-- updatePhone -->
                  <span class="method-name">updatePhone</span>
                  <div class="stack-trace">com.microsoft.playwright.PlaywrightException: Error {
  message=&apos;Executable doesn&apos;t exist at C:\Users\Alla\AppData\Local\ms-playwright\chromium_headless_shell-1169\chrome-win\headless_shell.exe
╔════════════════════════════════════════════════════════════════════════════════════════════╗
║ Looks like Playwright was just installed or updated.                                       ║
║ Please run the following command to download new browsers:                                 ║
║                                                                                            ║
║     mvn exec:java -e -D exec.mainClass=com.microsoft.playwright.CLI -D exec.args=&quot;install&quot; ║
║                                                                                            ║
║ &lt;3 Playwright Team                                                                         ║
╚════════════════════════════════════════════════════════════════════════════════════════════╝
  name=&apos;Error
  stack=&apos;Error: Executable doesn&apos;t exist at C:\Users\Alla\AppData\Local\ms-playwright\chromium_headless_shell-1169\chrome-win\headless_shell.exe
╔════════════════════════════════════════════════════════════════════════════════════════════╗
║ Looks like Playwright was just installed or updated.                                       ║
║ Please run the following command to download new browsers:                                 ║
║                                                                                            ║
║     mvn exec:java -e -D exec.mainClass=com.microsoft.playwright.CLI -D exec.args=&quot;install&quot; ║
║                                                                                            ║
║ &lt;3 Playwright Team                                                                         ║
╚════════════════════════════════════════════════════════════════════════════════════════════╝
    at executablePathOrDie (C:\Users\Alla\AppData\Local\Temp\playwright-java-4739020113251187373\package\lib\server\registry\index.js:496:15)
    at Object.executablePathOrDie (C:\Users\Alla\AppData\Local\Temp\playwright-java-4739020113251187373\package\lib\server\registry\index.js:527:45)
    at Chromium._launchProcess (C:\Users\Alla\AppData\Local\Temp\playwright-java-4739020113251187373\package\lib\server\browserType.js:205:39)
    at async Chromium._innerLaunch (C:\Users\Alla\AppData\Local\Temp\playwright-java-4739020113251187373\package\lib\server\browserType.js:135:70)
    at async Chromium._innerLaunchWithRetries (C:\Users\Alla\AppData\Local\Temp\playwright-java-4739020113251187373\package\lib\server\browserType.js:122:14)
    at async ProgressController.run (C:\Users\Alla\AppData\Local\Temp\playwright-java-4739020113251187373\package\lib\server\progress.js:80:22)
    at async Chromium.launch (C:\Users\Alla\AppData\Local\Temp\playwright-java-4739020113251187373\package\lib\server\browserType.js:87:21)
    at async BrowserTypeDispatcher.launch (C:\Users\Alla\AppData\Local\Temp\playwright-java-4739020113251187373\package\lib\server\dispatchers\browserTypeDispatcher.js:36:21)
    at async LongStandingScope._race (C:\Users\Alla\AppData\Local\Temp\playwright-java-4739020113251187373\package\lib\utils\isomorphic\manualPromise.js:95:14)
    at async BrowserTypeDispatcher._handleCommand (C:\Users\Alla\AppData\Local\Temp\playwright-java-4739020113251187373\package\lib\server\dispatchers\dispatcher.js:96:14)
}
	at com.microsoft.playwright.impl.WaitableResult.get(WaitableResult.java:56)
	at com.microsoft.playwright.impl.ChannelOwner.runUntil(ChannelOwner.java:132)
	at com.microsoft.playwright.impl.Connection.sendMessage(Connection.java:130)
	at com.microsoft.playwright.impl.ChannelOwner.sendMessage(ChannelOwner.java:118)
	at com.microsoft.playwright.impl.BrowserTypeImpl.launchImpl(BrowserTypeImpl.java:52)
	at com.microsoft.playwright.impl.BrowserTypeImpl.lambda$launch$0(BrowserTypeImpl.java:44)
	at com.microsoft.playwright.impl.LoggingSupport.withLogging(LoggingSupport.java:47)
	at com.microsoft.playwright.impl.ChannelOwner.withLogging(ChannelOwner.java:97)
	at com.microsoft.playwright.impl.BrowserTypeImpl.launch(BrowserTypeImpl.java:44)
	at com.microsoft.playwright.impl.BrowserTypeImpl.launch(BrowserTypeImpl.java:37)
	at com.microsoft.playwright.BrowserType.launch(BrowserType.java:1326)
	at ui.tests.UpdateBookingTest.setUp(UpdateBookingTest.java:30)
	at java.base/java.util.ArrayList.forEach(ArrayList.java:1597)
	at api.tests.TestRunner.main(TestRunner.java:69)
Caused by: com.microsoft.playwright.impl.DriverException: Error {
  message=&apos;Executable doesn&apos;t exist at C:\Users\Alla\AppData\Local\ms-playwright\chromium_headless_shell-1169\chrome-win\headless_shell.exe
╔════════════════════════════════════════════════════════════════════════════════════════════╗
║ Looks like Playwright was just installed or updated.                                       ║
║ Please run the following command to download new browsers:                                 ║
║                                                                                            ║
║     mvn exec:java -e -D exec.mainClass=com.microsoft.playwright.CLI -D exec.args=&quot;install&quot; ║
║                                                                                            ║
║ &lt;3 Playwright Team                                                                         ║
╚════════════════════════════════════════════════════════════════════════════════════════════╝
  name=&apos;Error
  stack=&apos;Error: Executable doesn&apos;t exist at C:\Users\Alla\AppData\Local\ms-playwright\chromium_headless_shell-1169\chrome-win\headless_shell.exe
╔════════════════════════════════════════════════════════════════════════════════════════════╗
║ Looks like Playwright was just installed or updated.                                       ║
║ Please run the following command to download new browsers:                                 ║
║                                                                                            ║
║     mvn exec:java -e -D exec.mainClass=com.microsoft.playwright.CLI -D exec.args=&quot;install&quot; ║
║                                                                                            ║
║ &lt;3 Playwright Team                                                                         ║
╚════════════════════════════════════════════════════════════════════════════════════════════╝
    at executablePathOrDie (C:\Users\Alla\AppData\Local\Temp\playwright-java-4739020113251187373\package\lib\server\registry\index.js:496:15)
    at Object.executablePathOrDie (C:\Users\Alla\AppData\Local\Temp\playwright-java-4739020113251187373\package\lib\server\registry\index.js:527:45)
    at Chromium._launchProcess (C:\Users\Alla\AppData\Local\Temp\playwright-java-4739020113251187373\package\lib\server\browserType.js:205:39)
    at async Chromium._innerLaunch (C:\Users\Alla\AppData\Local\Temp\playwright-java-4739020113251187373\package\lib\server\browserType.js:135:70)
    at async Chromium._innerLaunchWithRetries (C:\Users\Alla\AppData\Local\Temp\playwright-java-4739020113251187373\package\lib\server\browserType.js:122:14)
    at async ProgressController.run (C:\Users\Alla\AppData\Local\Temp\playwright-java-4739020113251187373\package\lib\server\progress.js:80:22)
    at async Chromium.launch (C:\Users\Alla\AppData\Local\Temp\playwright-java-4739020113251187373\package\lib\server\browserType.js:87:21)
    at async BrowserTypeDispatcher.launch (C:\Users\Alla\AppData\Local\Temp\playwright-java-4739020113251187373\package\lib\server\dispatchers\browserTypeDispatcher.js:36:21)
    at async LongStandingScope._race (C:\Users\Alla\AppData\Local\Temp\playwright-java-4739020113251187373\package\lib\utils\isomorphic\manualPromise.js:95:14)
    at async BrowserTypeDispatcher._handleCommand (C:\Users\Alla\AppData\Local\Temp\playwright-java-4739020113251187373\package\lib\server\dispatchers\dispatcher.js:96:14)
}
	at com.microsoft.playwright.impl.Connection.dispatch(Connection.java:259)
	at com.microsoft.playwright.impl.Connection.processOneMessage(Connection.java:211)
	at com.microsoft.playwright.impl.ChannelOwner.runUntil(ChannelOwner.java:130)
	... 38 more
... Removed 26 stack frames
</div> <!-- stack-trace -->
                  <em>
(Update phone number and verify success banner)                  </em>
                </div> <!-- method-content -->
              </div> <!-- method -->
            </div> <!-- main-panel-content rounded-window-bottom -->
          </div> <!-- suite-Command_line_suite-class-skipped -->
        </div> <!-- panel Command_line_suite -->
        <div panel-name="test-xml-Command_line_suite" class="panel">
          <div class="main-panel-header rounded-window-top">
          </div> <!-- main-panel-header rounded-window-top -->
          <div class="main-panel-content rounded-window-bottom">
            <pre>
&lt;?xml version=&quot;1.0&quot; encoding=&quot;UTF-8&quot;?&gt;
&lt;!DOCTYPE suite SYSTEM &quot;https://testng.org/testng-1.0.dtd&quot;&gt;
&lt;suite name=&quot;Command line suite&quot;&gt;
  &lt;test thread-count=&quot;5&quot; name=&quot;Command line test&quot;&gt;
    &lt;classes&gt;
      &lt;class name=&quot;ui.tests.BookingFlowTest&quot;/&gt;
      &lt;class name=&quot;ui.tests.DeleteBookingTest&quot;/&gt;
      &lt;class name=&quot;ui.tests.UpdateBookingTest&quot;/&gt;
    &lt;/classes&gt;
  &lt;/test&gt; &lt;!-- Command line test --&gt;
&lt;/suite&gt; &lt;!-- Command line suite --&gt;
            </pre>
          </div> <!-- main-panel-content rounded-window-bottom -->
        </div> <!-- panel -->
        <div panel-name="testlist-Command_line_suite" class="panel">
          <div class="main-panel-header rounded-window-top">
            <span class="header-content">Tests for Command line suite</span>
          </div> <!-- main-panel-header rounded-window-top -->
          <div class="main-panel-content rounded-window-bottom">
            <ul>
              <li>
                <span class="test-name">Command line test (3 classes)</span>
              </li>
            </ul>
          </div> <!-- main-panel-content rounded-window-bottom -->
        </div> <!-- panel -->
        <div panel-name="group-Command_line_suite" class="panel">
          <div class="main-panel-header rounded-window-top">
            <span class="header-content">Groups for Command line suite</span>
          </div> <!-- main-panel-header rounded-window-top -->
          <div class="main-panel-content rounded-window-bottom">
          </div> <!-- main-panel-content rounded-window-bottom -->
        </div> <!-- panel -->
        <div panel-name="times-Command_line_suite" class="panel">
          <div class="main-panel-header rounded-window-top">
            <span class="header-content">Times for Command line suite</span>
          </div> <!-- main-panel-header rounded-window-top -->
          <div class="main-panel-content rounded-window-bottom">
            <div class="times-div">
              <script type="text/javascript">
suiteTableInitFunctions.push('tableData_Command_line_suite');
function tableData_Command_line_suite() {
var data = new google.visualization.DataTable();
data.addColumn('number', 'Number');
data.addColumn('string', 'Method');
data.addColumn('string', 'Class');
data.addColumn('number', 'Time (ms)');
data.addRows(3);
data.setCell(0, 0, 0)
data.setCell(0, 1, 'bookAllRoomsWithValidation')
data.setCell(0, 2, 'ui.tests.BookingFlowTest')
data.setCell(0, 3, 0);
data.setCell(1, 0, 1)
data.setCell(1, 1, 'updatePhone')
data.setCell(1, 2, 'ui.tests.UpdateBookingTest')
data.setCell(1, 3, 0);
data.setCell(2, 0, 2)
data.setCell(2, 1, 'cancelSuiteBooking')
data.setCell(2, 2, 'ui.tests.DeleteBookingTest')
data.setCell(2, 3, 0);
window.suiteTableData['Command_line_suite']= { tableData: data, tableDiv: 'times-div-Command_line_suite'}
return data;
}
              </script>
              <span class="suite-total-time">Total running time: 0 ms</span>
              <div id="times-div-Command_line_suite">
              </div> <!-- times-div-Command_line_suite -->
            </div> <!-- times-div -->
          </div> <!-- main-panel-content rounded-window-bottom -->
        </div> <!-- panel -->
        <div panel-name="reporter-Command_line_suite" class="panel">
          <div class="main-panel-header rounded-window-top">
            <span class="header-content">Reporter output for Command line suite</span>
          </div> <!-- main-panel-header rounded-window-top -->
          <div class="main-panel-content rounded-window-bottom">
          </div> <!-- main-panel-content rounded-window-bottom -->
        </div> <!-- panel -->
        <div panel-name="ignored-methods-Command_line_suite" class="panel">
          <div class="main-panel-header rounded-window-top">
            <span class="header-content">0 ignored methods</span>
          </div> <!-- main-panel-header rounded-window-top -->
          <div class="main-panel-content rounded-window-bottom">
          </div> <!-- main-panel-content rounded-window-bottom -->
        </div> <!-- panel -->
        <div panel-name="chronological-Command_line_suite" class="panel">
          <div class="main-panel-header rounded-window-top">
            <span class="header-content">Methods in chronological order</span>
          </div> <!-- main-panel-header rounded-window-top -->
          <div class="main-panel-content rounded-window-bottom">
            <div class="chronological-class">
              <div class="chronological-class-name">ui.tests.BookingFlowTest</div> <!-- chronological-class-name -->
              <div class="configuration-method before">
                <img src="failed.png">
                </img>
                <span class="method-name">setUp</span>
                <span class="method-start">0 ms</span>
              </div> <!-- configuration-method before -->
            </div> <!-- chronological-class -->
            <div class="chronological-class">
              <div class="chronological-class-name">ui.tests.DeleteBookingTest</div> <!-- chronological-class-name -->
              <div class="configuration-method before">
                <img src="failed.png">
                </img>
                <span class="method-name">setUp</span>
                <span class="method-start">793 ms</span>
              </div> <!-- configuration-method before -->
            </div> <!-- chronological-class -->
            <div class="chronological-class">
              <div class="chronological-class-name">ui.tests.UpdateBookingTest</div> <!-- chronological-class-name -->
              <div class="configuration-method before">
                <img src="failed.png">
                </img>
                <span class="method-name">setUp</span>
                <span class="method-start">1053 ms</span>
              </div> <!-- configuration-method before -->
          </div> <!-- main-panel-content rounded-window-bottom -->
        </div> <!-- panel -->
      </div> <!-- main-panel-root -->
    </div> <!-- wrapper -->
  </body>
<script type="text/javascript" src="testng-reports2.js"></script>
</html>
