<?xml version="1.0" encoding="UTF-8"?>
<!-- Generated by org.testng.reporters.JUnitReportReporter -->
<testsuite hostname="Alla-PC-new" failures="0" tests="2" name="ui.tests.BookingFlowTest" time="0.789" errors="1" timestamp="2025-06-16T23:02:49 IDT" skipped="1">
  <testcase classname="ui.tests.BookingFlowTest" name="bookAllRoomsWithValidation" time="0.000">
    <skipped/>
  </testcase> <!-- bookAllRoomsWithValidation -->
  <testcase classname="ui.tests.BookingFlowTest" name="setUp" time="0.789">
    <error message="Error {
  message=&#039;Executable doesn&#039;t exist at C:\Users\Alla\AppData\Local\ms-playwright\chromium_headless_shell-1169\chrome-win\headless_shell.exe
╔════════════════════════════════════════════════════════════════════════════════════════════╗
║ Looks like Playwright was just installed or updated.                                       ║
║ Please run the following command to download new browsers:                                 ║
║                                                                                            ║
║     mvn exec:java -e -D exec.mainClass=com.microsoft.playwright.CLI -D exec.args=&quot;install&quot; ║
║                                                                                            ║
║ &lt;3 Playwright Team                                                                         ║
╚════════════════════════════════════════════════════════════════════════════════════════════╝
  name=&#039;Error
  stack=&#039;Error: Executable doesn&#039;t exist at C:\Users\Alla\AppData\Local\ms-playwright\chromium_headless_shell-1169\chrome-win\headless_shell.exe
╔════════════════════════════════════════════════════════════════════════════════════════════╗
║ Looks like Playwright was just installed or updated.                                       ║
║ Please run the following command to download new browsers:                                 ║
║                                                                                            ║
║     mvn exec:java -e -D exec.mainClass=com.microsoft.playwright.CLI -D exec.args=&quot;install&quot; ║
║                                                                                            ║
║ &lt;3 Playwright Team                                                                         ║
╚════════════════════════════════════════════════════════════════════════════════════════════╝
    at executablePathOrDie (C:\Users\Alla\AppData\Local\Temp\playwright-java-4739020113251187373\package\lib\server\registry\index.js:496:15)
    at Object.executablePathOrDie (C:\Users\Alla\AppData\Local\Temp\playwright-java-4739020113251187373\package\lib\server\registry\index.js:527:45)
    at Chromium._launchProcess (C:\Users\Alla\AppData\Local\Temp\playwright-java-4739020113251187373\package\lib\server\browserType.js:205:39)
    at async Chromium._innerLaunch (C:\Users\Alla\AppData\Local\Temp\playwright-java-4739020113251187373\package\lib\server\browserType.js:135:70)
    at async Chromium._innerLaunchWithRetries (C:\Users\Alla\AppData\Local\Temp\playwright-java-4739020113251187373\package\lib\server\browserType.js:122:14)
    at async ProgressController.run (C:\Users\Alla\AppData\Local\Temp\playwright-java-4739020113251187373\package\lib\server\progress.js:80:22)
    at async Chromium.launch (C:\Users\Alla\AppData\Local\Temp\playwright-java-4739020113251187373\package\lib\server\browserType.js:87:21)
    at async BrowserTypeDispatcher.launch (C:\Users\Alla\AppData\Local\Temp\playwright-java-4739020113251187373\package\lib\server\dispatchers\browserTypeDispatcher.js:36:21)
    at async LongStandingScope._race (C:\Users\Alla\AppData\Local\Temp\playwright-java-4739020113251187373\package\lib\utils\isomorphic\manualPromise.js:95:14)
    at async BrowserTypeDispatcher._handleCommand (C:\Users\Alla\AppData\Local\Temp\playwright-java-4739020113251187373\package\lib\server\dispatchers\dispatcher.js:96:14)
}" type="com.microsoft.playwright.PlaywrightException">
      <![CDATA[com.microsoft.playwright.PlaywrightException: Error {
  message='Executable doesn't exist at C:\Users\Alla\AppData\Local\ms-playwright\chromium_headless_shell-1169\chrome-win\headless_shell.exe
╔════════════════════════════════════════════════════════════════════════════════════════════╗
║ Looks like Playwright was just installed or updated.                                       ║
║ Please run the following command to download new browsers:                                 ║
║                                                                                            ║
║     mvn exec:java -e -D exec.mainClass=com.microsoft.playwright.CLI -D exec.args="install" ║
║                                                                                            ║
║ <3 Playwright Team                                                                         ║
╚════════════════════════════════════════════════════════════════════════════════════════════╝
  name='Error
  stack='Error: Executable doesn't exist at C:\Users\Alla\AppData\Local\ms-playwright\chromium_headless_shell-1169\chrome-win\headless_shell.exe
╔════════════════════════════════════════════════════════════════════════════════════════════╗
║ Looks like Playwright was just installed or updated.                                       ║
║ Please run the following command to download new browsers:                                 ║
║                                                                                            ║
║     mvn exec:java -e -D exec.mainClass=com.microsoft.playwright.CLI -D exec.args="install" ║
║                                                                                            ║
║ <3 Playwright Team                                                                         ║
╚════════════════════════════════════════════════════════════════════════════════════════════╝
    at executablePathOrDie (C:\Users\Alla\AppData\Local\Temp\playwright-java-4739020113251187373\package\lib\server\registry\index.js:496:15)
    at Object.executablePathOrDie (C:\Users\Alla\AppData\Local\Temp\playwright-java-4739020113251187373\package\lib\server\registry\index.js:527:45)
    at Chromium._launchProcess (C:\Users\Alla\AppData\Local\Temp\playwright-java-4739020113251187373\package\lib\server\browserType.js:205:39)
    at async Chromium._innerLaunch (C:\Users\Alla\AppData\Local\Temp\playwright-java-4739020113251187373\package\lib\server\browserType.js:135:70)
    at async Chromium._innerLaunchWithRetries (C:\Users\Alla\AppData\Local\Temp\playwright-java-4739020113251187373\package\lib\server\browserType.js:122:14)
    at async ProgressController.run (C:\Users\Alla\AppData\Local\Temp\playwright-java-4739020113251187373\package\lib\server\progress.js:80:22)
    at async Chromium.launch (C:\Users\Alla\AppData\Local\Temp\playwright-java-4739020113251187373\package\lib\server\browserType.js:87:21)
    at async BrowserTypeDispatcher.launch (C:\Users\Alla\AppData\Local\Temp\playwright-java-4739020113251187373\package\lib\server\dispatchers\browserTypeDispatcher.js:36:21)
    at async LongStandingScope._race (C:\Users\Alla\AppData\Local\Temp\playwright-java-4739020113251187373\package\lib\utils\isomorphic\manualPromise.js:95:14)
    at async BrowserTypeDispatcher._handleCommand (C:\Users\Alla\AppData\Local\Temp\playwright-java-4739020113251187373\package\lib\server\dispatchers\dispatcher.js:96:14)
}
at com.microsoft.playwright.impl.WaitableResult.get(WaitableResult.java:56)
at com.microsoft.playwright.impl.ChannelOwner.runUntil(ChannelOwner.java:132)
at com.microsoft.playwright.impl.Connection.sendMessage(Connection.java:130)
at com.microsoft.playwright.impl.ChannelOwner.sendMessage(ChannelOwner.java:118)
at com.microsoft.playwright.impl.BrowserTypeImpl.launchImpl(BrowserTypeImpl.java:52)
at com.microsoft.playwright.impl.BrowserTypeImpl.lambda$launch$0(BrowserTypeImpl.java:44)
at com.microsoft.playwright.impl.LoggingSupport.withLogging(LoggingSupport.java:47)
at com.microsoft.playwright.impl.ChannelOwner.withLogging(ChannelOwner.java:97)
at com.microsoft.playwright.impl.BrowserTypeImpl.launch(BrowserTypeImpl.java:44)
at com.microsoft.playwright.impl.BrowserTypeImpl.launch(BrowserTypeImpl.java:37)
at ui.tests.BookingFlowTest.setUp(BookingFlowTest.java:32)
at java.base/jdk.internal.reflect.DirectMethodHandleAccessor.invoke(DirectMethodHandleAccessor.java:103)
at java.base/java.lang.reflect.Method.invoke(Method.java:580)
at org.testng.internal.invokers.MethodInvocationHelper.invokeMethod(MethodInvocationHelper.java:141)
at org.testng.internal.invokers.MethodInvocationHelper.invokeMethodConsideringTimeout(MethodInvocationHelper.java:71)
at org.testng.internal.invokers.ConfigInvoker.invokeConfigurationMethod(ConfigInvoker.java:400)
at org.testng.internal.invokers.ConfigInvoker.invokeConfigurations(ConfigInvoker.java:333)
at org.testng.internal.invokers.TestInvoker.runConfigMethods(TestInvoker.java:833)
at org.testng.internal.invokers.TestInvoker.invokeMethod(TestInvoker.java:600)
at org.testng.internal.invokers.TestInvoker.invokeTestMethod(TestInvoker.java:230)
at org.testng.internal.invokers.MethodRunner.runInSequence(MethodRunner.java:63)
at org.testng.internal.invokers.TestInvoker$MethodInvocationAgent.invoke(TestInvoker.java:992)
at org.testng.internal.invokers.TestInvoker.invokeTestMethods(TestInvoker.java:203)
at org.testng.internal.invokers.TestMethodWorker.invokeTestMethods(TestMethodWorker.java:154)
at org.testng.internal.invokers.TestMethodWorker.run(TestMethodWorker.java:134)
at java.base/java.util.ArrayList.forEach(ArrayList.java:1597)
at org.testng.TestRunner.privateRun(TestRunner.java:739)
at org.testng.TestRunner.run(TestRunner.java:614)
at org.testng.SuiteRunner.runTest(SuiteRunner.java:421)
at org.testng.SuiteRunner.runSequentially(SuiteRunner.java:413)
at org.testng.SuiteRunner.privateRun(SuiteRunner.java:373)
at org.testng.SuiteRunner.run(SuiteRunner.java:312)
at org.testng.SuiteRunnerWorker.runSuite(SuiteRunnerWorker.java:52)
at org.testng.SuiteRunnerWorker.run(SuiteRunnerWorker.java:95)
at org.testng.TestNG.runSuitesSequentially(TestNG.java:1274)
at org.testng.TestNG.runSuitesLocally(TestNG.java:1208)
at org.testng.TestNG.runSuites(TestNG.java:1112)
at org.testng.TestNG.run(TestNG.java:1079)
at api.tests.TestRunner.main(TestRunner.java:69)
Caused by: com.microsoft.playwright.impl.DriverException: Error {
  message='Executable doesn't exist at C:\Users\Alla\AppData\Local\ms-playwright\chromium_headless_shell-1169\chrome-win\headless_shell.exe
╔════════════════════════════════════════════════════════════════════════════════════════════╗
║ Looks like Playwright was just installed or updated.                                       ║
║ Please run the following command to download new browsers:                                 ║
║                                                                                            ║
║     mvn exec:java -e -D exec.mainClass=com.microsoft.playwright.CLI -D exec.args="install" ║
║                                                                                            ║
║ <3 Playwright Team                                                                         ║
╚════════════════════════════════════════════════════════════════════════════════════════════╝
  name='Error
  stack='Error: Executable doesn't exist at C:\Users\Alla\AppData\Local\ms-playwright\chromium_headless_shell-1169\chrome-win\headless_shell.exe
╔════════════════════════════════════════════════════════════════════════════════════════════╗
║ Looks like Playwright was just installed or updated.                                       ║
║ Please run the following command to download new browsers:                                 ║
║                                                                                            ║
║     mvn exec:java -e -D exec.mainClass=com.microsoft.playwright.CLI -D exec.args="install" ║
║                                                                                            ║
║ <3 Playwright Team                                                                         ║
╚════════════════════════════════════════════════════════════════════════════════════════════╝
    at executablePathOrDie (C:\Users\Alla\AppData\Local\Temp\playwright-java-4739020113251187373\package\lib\server\registry\index.js:496:15)
    at Object.executablePathOrDie (C:\Users\Alla\AppData\Local\Temp\playwright-java-4739020113251187373\package\lib\server\registry\index.js:527:45)
    at Chromium._launchProcess (C:\Users\Alla\AppData\Local\Temp\playwright-java-4739020113251187373\package\lib\server\browserType.js:205:39)
    at async Chromium._innerLaunch (C:\Users\Alla\AppData\Local\Temp\playwright-java-4739020113251187373\package\lib\server\browserType.js:135:70)
    at async Chromium._innerLaunchWithRetries (C:\Users\Alla\AppData\Local\Temp\playwright-java-4739020113251187373\package\lib\server\browserType.js:122:14)
    at async ProgressController.run (C:\Users\Alla\AppData\Local\Temp\playwright-java-4739020113251187373\package\lib\server\progress.js:80:22)
    at async Chromium.launch (C:\Users\Alla\AppData\Local\Temp\playwright-java-4739020113251187373\package\lib\server\browserType.js:87:21)
    at async BrowserTypeDispatcher.launch (C:\Users\Alla\AppData\Local\Temp\playwright-java-4739020113251187373\package\lib\server\dispatchers\browserTypeDispatcher.js:36:21)
    at async LongStandingScope._race (C:\Users\Alla\AppData\Local\Temp\playwright-java-4739020113251187373\package\lib\utils\isomorphic\manualPromise.js:95:14)
    at async BrowserTypeDispatcher._handleCommand (C:\Users\Alla\AppData\Local\Temp\playwright-java-4739020113251187373\package\lib\server\dispatchers\dispatcher.js:96:14)
}
at com.microsoft.playwright.impl.Connection.dispatch(Connection.java:259)
at com.microsoft.playwright.impl.Connection.processOneMessage(Connection.java:211)
at com.microsoft.playwright.impl.ChannelOwner.runUntil(ChannelOwner.java:130)
... 37 more
]]>
    </error>
  </testcase> <!-- setUp -->
</testsuite> <!-- ui.tests.BookingFlowTest -->
